2025-07-10 22:03:14.178 [main] INFO  [org.springframework.boot.StartupInfoLogger:logStarting:53] - Starting SistemaIndicadoresIdhucaApplication using Java 24.0.1 with PID 2512 (D:\Tesis_2025\BACKEND\SistemaIndicadoresIDHUCA\server\SistemaIndicadoresIDHUCA\target\classes started by Andrea in D:\Tesis_2025\BACKEND\SistemaIndicadoresIDHUCA\server\SistemaIndicadoresIDHUCA)
2025-07-10 22:03:14.185 [main] DEBUG [org.springframework.boot.StartupInfoLogger:logStarting:54] - Running with Spring Boot v3.4.4, Spring v6.2.5
2025-07-10 22:03:14.189 [main] INFO  [org.springframework.boot.SpringApplication:logStartupProfileInfo:658] - The following 1 profile is active: "dev"
2025-07-10 22:03:15.257 [main] INFO  [org.springframework.data.repository.config.RepositoryConfigurationDelegate:registerRepositoriesIn:143] - Bootstrapping Spring Data JPA repositories in DEFAULT mode.
2025-07-10 22:03:15.460 [main] INFO  [org.springframework.data.repository.config.RepositoryConfigurationDelegate:registerRepositoriesIn:211] - Finished Spring Data repository scanning in 166 ms. Found 9 JPA repository interfaces.
2025-07-10 22:03:16.372 [main] INFO  [org.springframework.boot.web.embedded.tomcat.TomcatWebServer:initialize:111] - Tomcat initialized with port 8080 (http)
2025-07-10 22:03:16.393 [main] INFO  [org.apache.juli.logging.DirectJDKLog:log:173] - Initializing ProtocolHandler ["http-nio-8080"]
2025-07-10 22:03:16.397 [main] INFO  [org.apache.juli.logging.DirectJDKLog:log:173] - Starting service [Tomcat]
2025-07-10 22:03:16.397 [main] INFO  [org.apache.juli.logging.DirectJDKLog:log:173] - Starting Servlet engine: [Apache Tomcat/10.1.39]
2025-07-10 22:03:16.595 [main] INFO  [org.apache.juli.logging.DirectJDKLog:log:173] - At least one JAR was scanned for TLDs yet contained no TLDs. Enable debug logging for this logger for a complete list of JARs that were scanned but no TLDs were found in them. Skipping unneeded JARs during scanning can improve startup time and JSP compilation time.
2025-07-10 22:03:16.602 [main] INFO  [org.apache.juli.logging.DirectJDKLog:log:173] - Initializing Spring embedded WebApplicationContext
2025-07-10 22:03:16.604 [main] INFO  [org.springframework.boot.web.servlet.context.ServletWebServerApplicationContext:prepareWebApplicationContext:301] - Root WebApplicationContext: initialization completed in 2346 ms
2025-07-10 22:03:16.817 [main] INFO  [org.hibernate.jpa.internal.util.LogHelper:logPersistenceUnitInformation:31] - HHH000204: Processing PersistenceUnitInfo [name: default]
2025-07-10 22:03:16.908 [main] INFO  [org.hibernate.Version:logVersion:44] - HHH000412: Hibernate ORM core version 6.6.11.Final
2025-07-10 22:03:16.962 [main] INFO  [org.hibernate.cache.internal.RegionFactoryInitiator:initiateService:50] - HHH000026: Second-level cache disabled
2025-07-10 22:03:17.388 [main] INFO  [org.springframework.orm.jpa.persistenceunit.SpringPersistenceUnitInfo:addTransformer:87] - No LoadTimeWeaver setup: ignoring JPA class transformer
2025-07-10 22:03:17.439 [main] INFO  [com.zaxxer.hikari.HikariDataSource:getConnection:109] - HikariPool-1 - Starting...
2025-07-10 22:03:17.720 [main] INFO  [com.zaxxer.hikari.pool.HikariPool:checkFailFast:554] - HikariPool-1 - Added connection org.postgresql.jdbc.PgConnection@56f9de3b
2025-07-10 22:03:17.723 [main] INFO  [com.zaxxer.hikari.HikariDataSource:getConnection:122] - HikariPool-1 - Start completed.
2025-07-10 22:03:17.844 [main] INFO  [org.hibernate.engine.jdbc.env.internal.JdbcEnvironmentInitiator:initiateService:157] - HHH10001005: Database info:
	Database JDBC URL [Connecting through datasource 'HikariDataSource (HikariPool-1)']
	Database driver: undefined/unknown
	Database version: 17.5
	Autocommit mode: undefined/unknown
	Isolation level: undefined/unknown
	Minimum pool size: undefined/unknown
	Maximum pool size: undefined/unknown
2025-07-10 22:03:19.618 [main] INFO  [org.hibernate.engine.transaction.jta.platform.internal.JtaPlatformInitiator:initiateService:59] - HHH000489: No JTA platform available (set 'hibernate.transaction.jta.platform' to enable JTA platform integration)
2025-07-10 22:03:21.224 [main] INFO  [org.springframework.orm.jpa.AbstractEntityManagerFactoryBean:buildNativeEntityManagerFactory:447] - Initialized JPA EntityManagerFactory for persistence unit 'default'
2025-07-10 22:03:21.686 [main] INFO  [org.springframework.data.jpa.repository.query.QueryEnhancerFactory:<clinit>:49] - Hibernate is in classpath; If applicable, HQL parser will be used.
2025-07-10 22:03:21.886 [main] DEBUG [org.springframework.web.filter.GenericFilterBean:init:240] - Filter 'jwtAuthenticationFilter' configured for use
2025-07-10 22:03:21.887 [main] DEBUG [org.springframework.web.filter.GenericFilterBean:init:240] - Filter 'requestFilter' configured for use
2025-07-10 22:03:22.881 [main] WARN  [org.springframework.boot.autoconfigure.orm.jpa.JpaBaseConfiguration$JpaWebConfiguration:openEntityManagerInViewInterceptor:258] - spring.jpa.open-in-view is enabled by default. Therefore, database queries may be performed during view rendering. Explicitly configure spring.jpa.open-in-view to disable this warning
2025-07-10 22:03:22.940 [main] INFO  [org.springframework.security.config.annotation.authentication.configuration.InitializeUserDetailsBeanManagerConfigurer$InitializeUserDetailsManagerConfigurer:configure:114] - Global AuthenticationManager configured with UserDetailsService bean with name userDetailsServiceImpl
2025-07-10 22:03:23.037 [main] WARN  [org.springframework.security.config.annotation.web.AbstractRequestMatcherRegistry:requestMatchers:203] - One of the patterns in [idhuca-indicadores/api/srv/test/**, idhuca-indicadores/api/srv/auth/**] is missing a leading slash. This is discouraged; please include the leading slash in all your request matcher patterns. In future versions of Spring Security, leaving out the leading slash will result in an exception.
2025-07-10 22:03:23.268 [main] WARN  [org.springframework.security.config.annotation.web.AbstractRequestMatcherRegistry:requestMatchers:203] - One of the patterns in [idhuca-indicadores/api/srv/user/**, idhuca-indicadores/api/srv/auditoria/**, idhuca-indicadores/api/srv/fichaDerecho/**] is missing a leading slash. This is discouraged; please include the leading slash in all your request matcher patterns. In future versions of Spring Security, leaving out the leading slash will result in an exception.
2025-07-10 22:03:23.628 [main] INFO  [org.apache.juli.logging.DirectJDKLog:log:173] - Starting ProtocolHandler ["http-nio-8080"]
2025-07-10 22:03:23.664 [main] INFO  [org.springframework.boot.web.embedded.tomcat.TomcatWebServer:start:243] - Tomcat started on port 8080 (http) with context path '/'
2025-07-10 22:03:23.676 [main] INFO  [org.springframework.boot.StartupInfoLogger:logStarted:59] - Started SistemaIndicadoresIdhucaApplication in 10.349 seconds (process running for 10.846)
2025-07-10 22:06:26.464 [http-nio-8080-exec-1] INFO  [org.apache.juli.logging.DirectJDKLog:log:173] - Initializing Spring DispatcherServlet 'dispatcherServlet'
2025-07-10 22:06:26.466 [http-nio-8080-exec-1] INFO  [org.springframework.web.servlet.FrameworkServlet:initServletBean:532] - Initializing Servlet 'dispatcherServlet'
2025-07-10 22:06:26.467 [http-nio-8080-exec-1] INFO  [org.springframework.web.servlet.FrameworkServlet:initServletBean:554] - Completed initialization in 0 ms
2025-07-10 22:06:26.511 [http-nio-8080-exec-1] INFO  [com.uca.idhuca.sistema.indicadores.security.RequestFilter:doFilterInternal:33] - ===========================================================================
2025-07-10 22:06:26.512 [http-nio-8080-exec-1] INFO  [com.uca.idhuca.sistema.indicadores.security.RequestFilter:doFilterInternal:34] - =========================== [Petición Entrante] ==========================
2025-07-10 22:06:26.513 [http-nio-8080-exec-1] INFO  [com.uca.idhuca.sistema.indicadores.security.RequestFilter:doFilterInternal:35] - Método: POST
2025-07-10 22:06:26.513 [http-nio-8080-exec-1] INFO  [com.uca.idhuca.sistema.indicadores.security.RequestFilter:doFilterInternal:36] - Endpoint: /idhuca-indicadores/api/srv/auth/login
2025-07-10 22:06:26.513 [http-nio-8080-exec-1] INFO  [com.uca.idhuca.sistema.indicadores.security.RequestFilter:doFilterInternal:37] - IP: 127.0.0.1
2025-07-10 22:06:26.514 [http-nio-8080-exec-1] INFO  [com.uca.idhuca.sistema.indicadores.security.RequestFilter:doFilterInternal:38] - User-Agent: insomnia/2022.4.2
2025-07-10 22:06:26.514 [http-nio-8080-exec-1] INFO  [com.uca.idhuca.sistema.indicadores.security.RequestFilter:doFilterInternal:39] - JWT: No JWT
2025-07-10 22:06:26.637 [http-nio-8080-exec-1] INFO  [com.uca.idhuca.sistema.indicadores.controllers.CtrlAuth:login:48] - [00139419@uca.edu.sv] ------ Inicio de servicio 'test/testConnection' {"email":"00139419@uca.edu.sv","password":"123"}
2025-07-10 22:06:26.639 [http-nio-8080-exec-1] INFO  [com.uca.idhuca.sistema.indicadores.services.impl.AuthImpl:login:47] - [00139419@uca.edu.sv] Request válido
2025-07-10 22:06:26.769 [http-nio-8080-exec-1] INFO  [com.uca.idhuca.sistema.indicadores.services.impl.AuthImpl:login:53] - [00139419@uca.edu.sv] Usuario encontrado correctamente: Usuario(id=2, nombre=Daniel Morales, email=00139419@uca.edu.sv, contrasenaHash=$2a$10$K7HufdmPI16g56n8O2hQtuk4mQ1RoXmx3uWB7AQO0FsIrjloRtTWG, rol=Catalogo(codigo=ROL_1, descripcion=admin), activo=true, creadoEn=2025-06-14 19:51:01.174089, esPasswordProvisional=false)
2025-07-10 22:06:26.863 [http-nio-8080-exec-1] INFO  [com.uca.idhuca.sistema.indicadores.services.impl.AuthImpl:login:56] - [00139419@uca.edu.sv] Autenticación correcta.
2025-07-10 22:06:26.864 [http-nio-8080-exec-1] INFO  [com.uca.idhuca.sistema.indicadores.services.impl.ParametrosSistemaImpl:getOne:86] - [SYSTEM] Request válido
2025-07-10 22:06:27.124 [http-nio-8080-exec-1] INFO  [com.uca.idhuca.sistema.indicadores.services.impl.AuthImpl:login:59] - [00139419@uca.edu.sv] JWT generado: eyJhbGciOiJIUzUxMiJ9.eyJzdWIiOiIwMDEzOTQxOUB1Y2EuZWR1LnN2IiwiaWF0IjoxNzUyMjA2Nzg3LCJleHAiOjMxMjc5MjIwNjc4N30.rCOoVk95q3qwNPU0irGRLOBmFEYZAcmal_3001ew2pB-c-VXl8GSqqkvh4_V7N2YUnIOg2g_oqHlsr2ZDhoegg
2025-07-10 22:06:27.396 [http-nio-8080-exec-1] INFO  [com.uca.idhuca.sistema.indicadores.controllers.CtrlAuth:login:57] - [00139419@uca.edu.sv] ------ Fin de servicio 'test/testConnection'
2025-07-10 22:06:27.409 [http-nio-8080-exec-1] INFO  [com.uca.idhuca.sistema.indicadores.security.RequestFilter:doFilterInternal:43] - ============================== [Respuesta] ===============================
2025-07-10 22:06:27.410 [http-nio-8080-exec-1] INFO  [com.uca.idhuca.sistema.indicadores.security.RequestFilter:doFilterInternal:44] - Status: 200
2025-07-10 22:06:27.411 [http-nio-8080-exec-1] INFO  [com.uca.idhuca.sistema.indicadores.security.RequestFilter:doFilterInternal:50] - Body de la respuesta: {"codigo":0,"mensaje":"¡Éxito!","entity":{"jwt":"eyJhbGciOiJIUzUxMiJ9.eyJzdWIiOiIwMDEzOTQxOUB1Y2EuZWR1LnN2IiwiaWF0IjoxNzUyMjA2Nzg3LCJleHAiOjMxMjc5MjIwNjc4N30.rCOoVk95q3qwNPU0irGRLOBmFEYZAcmal_3001ew2pB-c-VXl8GSqqkvh4_V7N2YUnIOg2g_oqHlsr2ZDhoegg"},"paginacionInfo":null}
2025-07-10 22:06:27.413 [http-nio-8080-exec-1] INFO  [com.uca.idhuca.sistema.indicadores.security.RequestFilter:doFilterInternal:56] - ===========================================================================
2025-07-10 22:07:23.157 [http-nio-8080-exec-2] INFO  [com.uca.idhuca.sistema.indicadores.security.RequestFilter:doFilterInternal:33] - ===========================================================================
2025-07-10 22:07:23.157 [http-nio-8080-exec-2] INFO  [com.uca.idhuca.sistema.indicadores.security.RequestFilter:doFilterInternal:34] - =========================== [Petición Entrante] ==========================
2025-07-10 22:07:23.158 [http-nio-8080-exec-2] INFO  [com.uca.idhuca.sistema.indicadores.security.RequestFilter:doFilterInternal:35] - Método: POST
2025-07-10 22:07:23.158 [http-nio-8080-exec-2] INFO  [com.uca.idhuca.sistema.indicadores.security.RequestFilter:doFilterInternal:36] - Endpoint: /api/backup/schedule
2025-07-10 22:07:23.158 [http-nio-8080-exec-2] INFO  [com.uca.idhuca.sistema.indicadores.security.RequestFilter:doFilterInternal:37] - IP: 127.0.0.1
2025-07-10 22:07:23.159 [http-nio-8080-exec-2] INFO  [com.uca.idhuca.sistema.indicadores.security.RequestFilter:doFilterInternal:38] - User-Agent: insomnia/2022.4.2
2025-07-10 22:07:23.159 [http-nio-8080-exec-2] INFO  [com.uca.idhuca.sistema.indicadores.security.RequestFilter:doFilterInternal:39] - JWT: Bearer eyJhbGciOiJIUzUxMiJ9.eyJzdWIiOiIwMDEzOTQxOUB1Y2EuZWR1LnN2IiwiaWF0IjoxNzUyMjA2Nzg3LCJleHAiOjMxMjc5MjIwNjc4N30.rCOoVk95q3qwNPU0irGRLOBmFEYZAcmal_3001ew2pB-c-VXl8GSqqkvh4_V7N2YUnIOg2g_oqHlsr2ZDhoegg
2025-07-10 22:07:23.173 [http-nio-8080-exec-2] INFO  [com.uca.idhuca.sistema.indicadores.security.BackupScheduler:scheduleTask:29] - Scheduling task with ID: backup1 and CRON expression: 0/30 * * * * *
2025-07-10 22:07:23.181 [http-nio-8080-exec-2] INFO  [com.uca.idhuca.sistema.indicadores.security.BackupScheduler:scheduleTask:32] - Task with ID: backup1 scheduled successfully.
2025-07-10 22:07:23.185 [http-nio-8080-exec-2] INFO  [com.uca.idhuca.sistema.indicadores.security.RequestFilter:doFilterInternal:43] - ============================== [Respuesta] ===============================
2025-07-10 22:07:23.187 [http-nio-8080-exec-2] INFO  [com.uca.idhuca.sistema.indicadores.security.RequestFilter:doFilterInternal:44] - Status: 200
2025-07-10 22:07:23.188 [http-nio-8080-exec-2] INFO  [com.uca.idhuca.sistema.indicadores.security.RequestFilter:doFilterInternal:50] - Body de la respuesta: Backup programado con ID: backup1
2025-07-10 22:07:23.189 [http-nio-8080-exec-2] INFO  [com.uca.idhuca.sistema.indicadores.security.RequestFilter:doFilterInternal:56] - ===========================================================================
2025-07-10 22:07:30.001 [ThreadPoolTaskScheduler-1] INFO  [com.uca.idhuca.sistema.indicadores.services.IBackupService:performBackup:10] - Starting backup process...
2025-07-10 22:07:30.001 [ThreadPoolTaskScheduler-1] INFO  [com.uca.idhuca.sistema.indicadores.services.IBackupService:performBackup:13] - Backup process running...
2025-07-10 22:07:30.001 [ThreadPoolTaskScheduler-1] INFO  [com.uca.idhuca.sistema.indicadores.services.IBackupService:performBackup:16] - Backup completed successfully.
2025-07-10 22:08:00.000 [ThreadPoolTaskScheduler-1] INFO  [com.uca.idhuca.sistema.indicadores.services.IBackupService:performBackup:10] - Starting backup process...
2025-07-10 22:08:00.000 [ThreadPoolTaskScheduler-1] INFO  [com.uca.idhuca.sistema.indicadores.services.IBackupService:performBackup:13] - Backup process running...
2025-07-10 22:08:00.001 [ThreadPoolTaskScheduler-1] INFO  [com.uca.idhuca.sistema.indicadores.services.IBackupService:performBackup:16] - Backup completed successfully.
2025-07-10 22:08:30.001 [ThreadPoolTaskScheduler-2] INFO  [com.uca.idhuca.sistema.indicadores.services.IBackupService:performBackup:10] - Starting backup process...
2025-07-10 22:08:30.001 [ThreadPoolTaskScheduler-2] INFO  [com.uca.idhuca.sistema.indicadores.services.IBackupService:performBackup:13] - Backup process running...
2025-07-10 22:08:30.001 [ThreadPoolTaskScheduler-2] INFO  [com.uca.idhuca.sistema.indicadores.services.IBackupService:performBackup:16] - Backup completed successfully.
2025-07-10 22:09:00.000 [ThreadPoolTaskScheduler-1] INFO  [com.uca.idhuca.sistema.indicadores.services.IBackupService:performBackup:10] - Starting backup process...
2025-07-10 22:09:00.001 [ThreadPoolTaskScheduler-1] INFO  [com.uca.idhuca.sistema.indicadores.services.IBackupService:performBackup:13] - Backup process running...
2025-07-10 22:09:00.001 [ThreadPoolTaskScheduler-1] INFO  [com.uca.idhuca.sistema.indicadores.services.IBackupService:performBackup:16] - Backup completed successfully.
2025-07-10 22:09:30.000 [ThreadPoolTaskScheduler-3] INFO  [com.uca.idhuca.sistema.indicadores.services.IBackupService:performBackup:10] - Starting backup process...
2025-07-10 22:09:30.000 [ThreadPoolTaskScheduler-3] INFO  [com.uca.idhuca.sistema.indicadores.services.IBackupService:performBackup:13] - Backup process running...
2025-07-10 22:09:30.001 [ThreadPoolTaskScheduler-3] INFO  [com.uca.idhuca.sistema.indicadores.services.IBackupService:performBackup:16] - Backup completed successfully.
2025-07-10 22:10:00.001 [ThreadPoolTaskScheduler-3] INFO  [com.uca.idhuca.sistema.indicadores.services.IBackupService:performBackup:10] - Starting backup process...
2025-07-10 22:10:00.002 [ThreadPoolTaskScheduler-3] INFO  [com.uca.idhuca.sistema.indicadores.services.IBackupService:performBackup:13] - Backup process running...
2025-07-10 22:10:00.002 [ThreadPoolTaskScheduler-3] INFO  [com.uca.idhuca.sistema.indicadores.services.IBackupService:performBackup:16] - Backup completed successfully.
2025-07-10 22:10:30.000 [ThreadPoolTaskScheduler-3] INFO  [com.uca.idhuca.sistema.indicadores.services.IBackupService:performBackup:10] - Starting backup process...
2025-07-10 22:10:30.001 [ThreadPoolTaskScheduler-3] INFO  [com.uca.idhuca.sistema.indicadores.services.IBackupService:performBackup:13] - Backup process running...
2025-07-10 22:10:30.001 [ThreadPoolTaskScheduler-3] INFO  [com.uca.idhuca.sistema.indicadores.services.IBackupService:performBackup:16] - Backup completed successfully.
2025-07-10 22:11:00.001 [ThreadPoolTaskScheduler-3] INFO  [com.uca.idhuca.sistema.indicadores.services.IBackupService:performBackup:10] - Starting backup process...
2025-07-10 22:11:00.002 [ThreadPoolTaskScheduler-3] INFO  [com.uca.idhuca.sistema.indicadores.services.IBackupService:performBackup:13] - Backup process running...
2025-07-10 22:11:00.002 [ThreadPoolTaskScheduler-3] INFO  [com.uca.idhuca.sistema.indicadores.services.IBackupService:performBackup:16] - Backup completed successfully.
2025-07-10 22:11:30.001 [ThreadPoolTaskScheduler-3] INFO  [com.uca.idhuca.sistema.indicadores.services.IBackupService:performBackup:10] - Starting backup process...
2025-07-10 22:11:30.001 [ThreadPoolTaskScheduler-3] INFO  [com.uca.idhuca.sistema.indicadores.services.IBackupService:performBackup:13] - Backup process running...
2025-07-10 22:11:30.002 [ThreadPoolTaskScheduler-3] INFO  [com.uca.idhuca.sistema.indicadores.services.IBackupService:performBackup:16] - Backup completed successfully.
2025-07-10 22:12:00.002 [ThreadPoolTaskScheduler-3] INFO  [com.uca.idhuca.sistema.indicadores.services.IBackupService:performBackup:10] - Starting backup process...
2025-07-10 22:12:00.002 [ThreadPoolTaskScheduler-3] INFO  [com.uca.idhuca.sistema.indicadores.services.IBackupService:performBackup:13] - Backup process running...
2025-07-10 22:12:00.003 [ThreadPoolTaskScheduler-3] INFO  [com.uca.idhuca.sistema.indicadores.services.IBackupService:performBackup:16] - Backup completed successfully.
2025-07-10 22:12:30.001 [ThreadPoolTaskScheduler-4] INFO  [com.uca.idhuca.sistema.indicadores.services.IBackupService:performBackup:10] - Starting backup process...
2025-07-10 22:12:30.001 [ThreadPoolTaskScheduler-4] INFO  [com.uca.idhuca.sistema.indicadores.services.IBackupService:performBackup:13] - Backup process running...
2025-07-10 22:12:30.002 [ThreadPoolTaskScheduler-4] INFO  [com.uca.idhuca.sistema.indicadores.services.IBackupService:performBackup:16] - Backup completed successfully.
2025-07-10 22:13:00.001 [ThreadPoolTaskScheduler-1] INFO  [com.uca.idhuca.sistema.indicadores.services.IBackupService:performBackup:10] - Starting backup process...
2025-07-10 22:13:00.001 [ThreadPoolTaskScheduler-1] INFO  [com.uca.idhuca.sistema.indicadores.services.IBackupService:performBackup:13] - Backup process running...
2025-07-10 22:13:00.001 [ThreadPoolTaskScheduler-1] INFO  [com.uca.idhuca.sistema.indicadores.services.IBackupService:performBackup:16] - Backup completed successfully.
2025-07-10 22:13:26.386 [SpringApplicationShutdownHook] INFO  [org.springframework.boot.web.embedded.tomcat.GracefulShutdown:shutDownGracefully:54] - Commencing graceful shutdown. Waiting for active requests to complete
2025-07-10 22:13:26.398 [tomcat-shutdown] INFO  [org.springframework.boot.web.embedded.tomcat.GracefulShutdown:doShutdown:76] - Graceful shutdown complete
2025-07-10 22:13:26.409 [SpringApplicationShutdownHook] INFO  [org.springframework.orm.jpa.AbstractEntityManagerFactoryBean:destroy:660] - Closing JPA EntityManagerFactory for persistence unit 'default'
2025-07-10 22:13:26.412 [SpringApplicationShutdownHook] INFO  [com.zaxxer.hikari.HikariDataSource:close:349] - HikariPool-1 - Shutdown initiated...
2025-07-10 22:13:26.419 [SpringApplicationShutdownHook] INFO  [com.zaxxer.hikari.HikariDataSource:close:351] - HikariPool-1 - Shutdown completed.
2025-07-10 22:22:10.740 [main] INFO  [org.springframework.boot.StartupInfoLogger:logStarting:53] - Starting SistemaIndicadoresIdhucaApplication using Java 24.0.1 with PID 14564 (D:\Tesis_2025\BACKEND\SistemaIndicadoresIDHUCA\server\SistemaIndicadoresIDHUCA\target\classes started by Andrea in D:\Tesis_2025\BACKEND\SistemaIndicadoresIDHUCA\server\SistemaIndicadoresIDHUCA)
2025-07-10 22:22:10.834 [main] DEBUG [org.springframework.boot.StartupInfoLogger:logStarting:54] - Running with Spring Boot v3.4.4, Spring v6.2.5
2025-07-10 22:22:10.839 [main] INFO  [org.springframework.boot.SpringApplication:logStartupProfileInfo:658] - The following 1 profile is active: "dev"
2025-07-10 22:22:12.247 [main] INFO  [org.springframework.data.repository.config.RepositoryConfigurationDelegate:registerRepositoriesIn:143] - Bootstrapping Spring Data JPA repositories in DEFAULT mode.
2025-07-10 22:22:12.457 [main] INFO  [org.springframework.data.repository.config.RepositoryConfigurationDelegate:registerRepositoriesIn:211] - Finished Spring Data repository scanning in 196 ms. Found 9 JPA repository interfaces.
2025-07-10 22:22:13.371 [main] INFO  [org.springframework.boot.web.embedded.tomcat.TomcatWebServer:initialize:111] - Tomcat initialized with port 8080 (http)
2025-07-10 22:22:13.407 [main] INFO  [org.apache.juli.logging.DirectJDKLog:log:173] - Initializing ProtocolHandler ["http-nio-8080"]
2025-07-10 22:22:13.411 [main] INFO  [org.apache.juli.logging.DirectJDKLog:log:173] - Starting service [Tomcat]
2025-07-10 22:22:13.412 [main] INFO  [org.apache.juli.logging.DirectJDKLog:log:173] - Starting Servlet engine: [Apache Tomcat/10.1.39]
2025-07-10 22:22:13.726 [main] INFO  [org.apache.juli.logging.DirectJDKLog:log:173] - At least one JAR was scanned for TLDs yet contained no TLDs. Enable debug logging for this logger for a complete list of JARs that were scanned but no TLDs were found in them. Skipping unneeded JARs during scanning can improve startup time and JSP compilation time.
2025-07-10 22:22:13.736 [main] INFO  [org.apache.juli.logging.DirectJDKLog:log:173] - Initializing Spring embedded WebApplicationContext
2025-07-10 22:22:13.738 [main] INFO  [org.springframework.boot.web.servlet.context.ServletWebServerApplicationContext:prepareWebApplicationContext:301] - Root WebApplicationContext: initialization completed in 2750 ms
2025-07-10 22:22:14.071 [main] INFO  [org.hibernate.jpa.internal.util.LogHelper:logPersistenceUnitInformation:31] - HHH000204: Processing PersistenceUnitInfo [name: default]
2025-07-10 22:22:14.183 [main] INFO  [org.hibernate.Version:logVersion:44] - HHH000412: Hibernate ORM core version 6.6.11.Final
2025-07-10 22:22:14.244 [main] INFO  [org.hibernate.cache.internal.RegionFactoryInitiator:initiateService:50] - HHH000026: Second-level cache disabled
2025-07-10 22:22:14.669 [main] INFO  [org.springframework.orm.jpa.persistenceunit.SpringPersistenceUnitInfo:addTransformer:87] - No LoadTimeWeaver setup: ignoring JPA class transformer
2025-07-10 22:22:14.721 [main] INFO  [com.zaxxer.hikari.HikariDataSource:getConnection:109] - HikariPool-1 - Starting...
2025-07-10 22:22:14.955 [main] INFO  [com.zaxxer.hikari.pool.HikariPool:checkFailFast:554] - HikariPool-1 - Added connection org.postgresql.jdbc.PgConnection@3feebf9c
2025-07-10 22:22:14.957 [main] INFO  [com.zaxxer.hikari.HikariDataSource:getConnection:122] - HikariPool-1 - Start completed.
2025-07-10 22:22:15.056 [main] INFO  [org.hibernate.engine.jdbc.env.internal.JdbcEnvironmentInitiator:initiateService:157] - HHH10001005: Database info:
	Database JDBC URL [Connecting through datasource 'HikariDataSource (HikariPool-1)']
	Database driver: undefined/unknown
	Database version: 17.5
	Autocommit mode: undefined/unknown
	Isolation level: undefined/unknown
	Minimum pool size: undefined/unknown
	Maximum pool size: undefined/unknown
2025-07-10 22:22:16.715 [main] INFO  [org.hibernate.engine.transaction.jta.platform.internal.JtaPlatformInitiator:initiateService:59] - HHH000489: No JTA platform available (set 'hibernate.transaction.jta.platform' to enable JTA platform integration)
2025-07-10 22:22:18.146 [main] INFO  [org.springframework.orm.jpa.AbstractEntityManagerFactoryBean:buildNativeEntityManagerFactory:447] - Initialized JPA EntityManagerFactory for persistence unit 'default'
2025-07-10 22:22:18.608 [main] INFO  [org.springframework.data.jpa.repository.query.QueryEnhancerFactory:<clinit>:49] - Hibernate is in classpath; If applicable, HQL parser will be used.
2025-07-10 22:22:18.873 [main] DEBUG [org.springframework.web.filter.GenericFilterBean:init:240] - Filter 'jwtAuthenticationFilter' configured for use
2025-07-10 22:22:18.874 [main] DEBUG [org.springframework.web.filter.GenericFilterBean:init:240] - Filter 'requestFilter' configured for use
2025-07-10 22:22:19.730 [main] WARN  [org.springframework.boot.autoconfigure.orm.jpa.JpaBaseConfiguration$JpaWebConfiguration:openEntityManagerInViewInterceptor:258] - spring.jpa.open-in-view is enabled by default. Therefore, database queries may be performed during view rendering. Explicitly configure spring.jpa.open-in-view to disable this warning
2025-07-10 22:22:19.782 [main] INFO  [org.springframework.security.config.annotation.authentication.configuration.InitializeUserDetailsBeanManagerConfigurer$InitializeUserDetailsManagerConfigurer:configure:114] - Global AuthenticationManager configured with UserDetailsService bean with name userDetailsServiceImpl
2025-07-10 22:22:19.867 [main] WARN  [org.springframework.security.config.annotation.web.AbstractRequestMatcherRegistry:requestMatchers:203] - One of the patterns in [idhuca-indicadores/api/srv/test/**, idhuca-indicadores/api/srv/auth/**] is missing a leading slash. This is discouraged; please include the leading slash in all your request matcher patterns. In future versions of Spring Security, leaving out the leading slash will result in an exception.
2025-07-10 22:22:20.029 [main] WARN  [org.springframework.security.config.annotation.web.AbstractRequestMatcherRegistry:requestMatchers:203] - One of the patterns in [idhuca-indicadores/api/srv/user/**, idhuca-indicadores/api/srv/auditoria/**, idhuca-indicadores/api/srv/fichaDerecho/**] is missing a leading slash. This is discouraged; please include the leading slash in all your request matcher patterns. In future versions of Spring Security, leaving out the leading slash will result in an exception.
2025-07-10 22:22:20.354 [main] INFO  [org.apache.juli.logging.DirectJDKLog:log:173] - Starting ProtocolHandler ["http-nio-8080"]
2025-07-10 22:22:20.395 [main] INFO  [org.springframework.boot.web.embedded.tomcat.TomcatWebServer:start:243] - Tomcat started on port 8080 (http) with context path '/'
2025-07-10 22:22:20.412 [main] INFO  [org.springframework.boot.StartupInfoLogger:logStarted:59] - Started SistemaIndicadoresIdhucaApplication in 10.902 seconds (process running for 11.735)
2025-07-10 22:24:10.825 [http-nio-8080-exec-1] INFO  [org.apache.juli.logging.DirectJDKLog:log:173] - Initializing Spring DispatcherServlet 'dispatcherServlet'
2025-07-10 22:24:10.825 [http-nio-8080-exec-1] INFO  [org.springframework.web.servlet.FrameworkServlet:initServletBean:532] - Initializing Servlet 'dispatcherServlet'
2025-07-10 22:24:10.826 [http-nio-8080-exec-1] INFO  [org.springframework.web.servlet.FrameworkServlet:initServletBean:554] - Completed initialization in 1 ms
2025-07-10 22:24:10.880 [http-nio-8080-exec-1] INFO  [com.uca.idhuca.sistema.indicadores.security.RequestFilter:doFilterInternal:33] - ===========================================================================
2025-07-10 22:24:10.881 [http-nio-8080-exec-1] INFO  [com.uca.idhuca.sistema.indicadores.security.RequestFilter:doFilterInternal:34] - =========================== [Petición Entrante] ==========================
2025-07-10 22:24:10.881 [http-nio-8080-exec-1] INFO  [com.uca.idhuca.sistema.indicadores.security.RequestFilter:doFilterInternal:35] - Método: POST
2025-07-10 22:24:10.881 [http-nio-8080-exec-1] INFO  [com.uca.idhuca.sistema.indicadores.security.RequestFilter:doFilterInternal:36] - Endpoint: /idhuca-indicadores/api/srv/auth/login
2025-07-10 22:24:10.882 [http-nio-8080-exec-1] INFO  [com.uca.idhuca.sistema.indicadores.security.RequestFilter:doFilterInternal:37] - IP: 127.0.0.1
2025-07-10 22:24:10.882 [http-nio-8080-exec-1] INFO  [com.uca.idhuca.sistema.indicadores.security.RequestFilter:doFilterInternal:38] - User-Agent: insomnia/2022.4.2
2025-07-10 22:24:10.883 [http-nio-8080-exec-1] INFO  [com.uca.idhuca.sistema.indicadores.security.RequestFilter:doFilterInternal:39] - JWT: No JWT
2025-07-10 22:24:10.998 [http-nio-8080-exec-1] INFO  [com.uca.idhuca.sistema.indicadores.controllers.CtrlAuth:login:48] - [00139419@uca.edu.sv] ------ Inicio de servicio 'test/testConnection' {"email":"00139419@uca.edu.sv","password":"123"}
2025-07-10 22:24:11.000 [http-nio-8080-exec-1] INFO  [com.uca.idhuca.sistema.indicadores.services.impl.AuthImpl:login:47] - [00139419@uca.edu.sv] Request válido
2025-07-10 22:24:11.145 [http-nio-8080-exec-1] INFO  [com.uca.idhuca.sistema.indicadores.services.impl.AuthImpl:login:53] - [00139419@uca.edu.sv] Usuario encontrado correctamente: Usuario(id=2, nombre=Daniel Morales, email=00139419@uca.edu.sv, contrasenaHash=$2a$10$K7HufdmPI16g56n8O2hQtuk4mQ1RoXmx3uWB7AQO0FsIrjloRtTWG, rol=Catalogo(codigo=ROL_1, descripcion=admin), activo=true, creadoEn=2025-06-14 19:51:01.174089, esPasswordProvisional=false)
2025-07-10 22:24:11.264 [http-nio-8080-exec-1] INFO  [com.uca.idhuca.sistema.indicadores.services.impl.AuthImpl:login:56] - [00139419@uca.edu.sv] Autenticación correcta.
2025-07-10 22:24:11.265 [http-nio-8080-exec-1] INFO  [com.uca.idhuca.sistema.indicadores.services.impl.ParametrosSistemaImpl:getOne:86] - [SYSTEM] Request válido
2025-07-10 22:24:11.568 [http-nio-8080-exec-1] INFO  [com.uca.idhuca.sistema.indicadores.services.impl.AuthImpl:login:59] - [00139419@uca.edu.sv] JWT generado: eyJhbGciOiJIUzUxMiJ9.eyJzdWIiOiIwMDEzOTQxOUB1Y2EuZWR1LnN2IiwiaWF0IjoxNzUyMjA3ODUxLCJleHAiOjMxMjc5MjIwNzg1MX0.8aI2R5BUusMP7nDj3_BZmkLAEVN6_1O-UNIiXfbAsk9phgBxhvwvSpMURjH6V8A_3O0Bn2cunOtY1m85MpZR5w
2025-07-10 22:24:11.570 [http-nio-8080-exec-1] INFO  [com.uca.idhuca.sistema.indicadores.controllers.CtrlAuth:login:57] - [00139419@uca.edu.sv] ------ Fin de servicio 'test/testConnection'
2025-07-10 22:24:11.588 [http-nio-8080-exec-1] INFO  [com.uca.idhuca.sistema.indicadores.security.RequestFilter:doFilterInternal:43] - ============================== [Respuesta] ===============================
2025-07-10 22:24:11.590 [http-nio-8080-exec-1] INFO  [com.uca.idhuca.sistema.indicadores.security.RequestFilter:doFilterInternal:44] - Status: 200
2025-07-10 22:24:11.590 [http-nio-8080-exec-1] INFO  [com.uca.idhuca.sistema.indicadores.security.RequestFilter:doFilterInternal:50] - Body de la respuesta: {"codigo":0,"mensaje":"¡Éxito!","entity":{"jwt":"eyJhbGciOiJIUzUxMiJ9.eyJzdWIiOiIwMDEzOTQxOUB1Y2EuZWR1LnN2IiwiaWF0IjoxNzUyMjA3ODUxLCJleHAiOjMxMjc5MjIwNzg1MX0.8aI2R5BUusMP7nDj3_BZmkLAEVN6_1O-UNIiXfbAsk9phgBxhvwvSpMURjH6V8A_3O0Bn2cunOtY1m85MpZR5w"},"paginacionInfo":null}
2025-07-10 22:24:11.591 [http-nio-8080-exec-1] INFO  [com.uca.idhuca.sistema.indicadores.security.RequestFilter:doFilterInternal:56] - ===========================================================================
2025-07-10 22:24:33.544 [http-nio-8080-exec-3] INFO  [com.uca.idhuca.sistema.indicadores.security.RequestFilter:doFilterInternal:33] - ===========================================================================
2025-07-10 22:24:33.544 [http-nio-8080-exec-3] INFO  [com.uca.idhuca.sistema.indicadores.security.RequestFilter:doFilterInternal:34] - =========================== [Petición Entrante] ==========================
2025-07-10 22:24:33.544 [http-nio-8080-exec-3] INFO  [com.uca.idhuca.sistema.indicadores.security.RequestFilter:doFilterInternal:35] - Método: POST
2025-07-10 22:24:33.545 [http-nio-8080-exec-3] INFO  [com.uca.idhuca.sistema.indicadores.security.RequestFilter:doFilterInternal:36] - Endpoint: /api/backup/schedule
2025-07-10 22:24:33.545 [http-nio-8080-exec-3] INFO  [com.uca.idhuca.sistema.indicadores.security.RequestFilter:doFilterInternal:37] - IP: 127.0.0.1
2025-07-10 22:24:33.546 [http-nio-8080-exec-3] INFO  [com.uca.idhuca.sistema.indicadores.security.RequestFilter:doFilterInternal:38] - User-Agent: insomnia/2022.4.2
2025-07-10 22:24:33.546 [http-nio-8080-exec-3] INFO  [com.uca.idhuca.sistema.indicadores.security.RequestFilter:doFilterInternal:39] - JWT: Bearer eyJhbGciOiJIUzUxMiJ9.eyJzdWIiOiIwMDEzOTQxOUB1Y2EuZWR1LnN2IiwiaWF0IjoxNzUyMjA3ODUxLCJleHAiOjMxMjc5MjIwNzg1MX0.8aI2R5BUusMP7nDj3_BZmkLAEVN6_1O-UNIiXfbAsk9phgBxhvwvSpMURjH6V8A_3O0Bn2cunOtY1m85MpZR5w
2025-07-10 22:24:33.554 [http-nio-8080-exec-3] INFO  [com.uca.idhuca.sistema.indicadores.security.BackupScheduler:scheduleTask:29] - Scheduling task with ID: backup1 and CRON expression: 0/30 * * * * *
2025-07-10 22:24:33.561 [http-nio-8080-exec-3] INFO  [com.uca.idhuca.sistema.indicadores.security.BackupScheduler:scheduleTask:32] - Task with ID: backup1 scheduled successfully.
2025-07-10 22:24:33.565 [http-nio-8080-exec-3] INFO  [com.uca.idhuca.sistema.indicadores.security.RequestFilter:doFilterInternal:43] - ============================== [Respuesta] ===============================
2025-07-10 22:24:33.565 [http-nio-8080-exec-3] INFO  [com.uca.idhuca.sistema.indicadores.security.RequestFilter:doFilterInternal:44] - Status: 200
2025-07-10 22:24:33.566 [http-nio-8080-exec-3] INFO  [com.uca.idhuca.sistema.indicadores.security.RequestFilter:doFilterInternal:50] - Body de la respuesta: Backup programado con ID: backup1
2025-07-10 22:24:33.567 [http-nio-8080-exec-3] INFO  [com.uca.idhuca.sistema.indicadores.security.RequestFilter:doFilterInternal:56] - ===========================================================================
2025-07-10 22:25:00.000 [ThreadPoolTaskScheduler-1] INFO  [com.uca.idhuca.sistema.indicadores.services.IBackupService:performBackup:14] - Starting backup process...
2025-07-10 22:25:00.003 [ThreadPoolTaskScheduler-1] INFO  [com.uca.idhuca.sistema.indicadores.services.IBackupService:performBackup:21] - Backup completed successfully.
2025-07-10 22:25:30.001 [ThreadPoolTaskScheduler-1] INFO  [com.uca.idhuca.sistema.indicadores.services.IBackupService:performBackup:14] - Starting backup process...
2025-07-10 22:25:30.003 [ThreadPoolTaskScheduler-1] INFO  [com.uca.idhuca.sistema.indicadores.services.IBackupService:performBackup:21] - Backup completed successfully.
2025-07-10 22:26:00.000 [ThreadPoolTaskScheduler-2] INFO  [com.uca.idhuca.sistema.indicadores.services.IBackupService:performBackup:14] - Starting backup process...
2025-07-10 22:26:00.003 [ThreadPoolTaskScheduler-2] INFO  [com.uca.idhuca.sistema.indicadores.services.IBackupService:performBackup:21] - Backup completed successfully.
2025-07-10 22:26:30.000 [ThreadPoolTaskScheduler-1] INFO  [com.uca.idhuca.sistema.indicadores.services.IBackupService:performBackup:14] - Starting backup process...
2025-07-10 22:26:30.003 [ThreadPoolTaskScheduler-1] INFO  [com.uca.idhuca.sistema.indicadores.services.IBackupService:performBackup:21] - Backup completed successfully.
2025-07-10 22:27:00.001 [ThreadPoolTaskScheduler-3] INFO  [com.uca.idhuca.sistema.indicadores.services.IBackupService:performBackup:14] - Starting backup process...
2025-07-10 22:27:00.005 [ThreadPoolTaskScheduler-3] INFO  [com.uca.idhuca.sistema.indicadores.services.IBackupService:performBackup:21] - Backup completed successfully.
2025-07-10 22:27:30.002 [ThreadPoolTaskScheduler-3] INFO  [com.uca.idhuca.sistema.indicadores.services.IBackupService:performBackup:14] - Starting backup process...
2025-07-10 22:27:30.005 [ThreadPoolTaskScheduler-3] INFO  [com.uca.idhuca.sistema.indicadores.services.IBackupService:performBackup:21] - Backup completed successfully.
2025-07-10 22:28:00.002 [ThreadPoolTaskScheduler-3] INFO  [com.uca.idhuca.sistema.indicadores.services.IBackupService:performBackup:14] - Starting backup process...
2025-07-10 22:28:00.005 [ThreadPoolTaskScheduler-3] INFO  [com.uca.idhuca.sistema.indicadores.services.IBackupService:performBackup:21] - Backup completed successfully.
2025-07-10 22:28:30.001 [ThreadPoolTaskScheduler-3] INFO  [com.uca.idhuca.sistema.indicadores.services.IBackupService:performBackup:14] - Starting backup process...
2025-07-10 22:28:30.004 [ThreadPoolTaskScheduler-3] INFO  [com.uca.idhuca.sistema.indicadores.services.IBackupService:performBackup:21] - Backup completed successfully.
2025-07-10 22:29:00.000 [ThreadPoolTaskScheduler-3] INFO  [com.uca.idhuca.sistema.indicadores.services.IBackupService:performBackup:14] - Starting backup process...
2025-07-10 22:29:00.004 [ThreadPoolTaskScheduler-3] INFO  [com.uca.idhuca.sistema.indicadores.services.IBackupService:performBackup:21] - Backup completed successfully.
2025-07-10 22:29:30.000 [ThreadPoolTaskScheduler-2] INFO  [com.uca.idhuca.sistema.indicadores.services.IBackupService:performBackup:14] - Starting backup process...
2025-07-10 22:29:30.004 [ThreadPoolTaskScheduler-2] INFO  [com.uca.idhuca.sistema.indicadores.services.IBackupService:performBackup:21] - Backup completed successfully.
2025-07-10 22:30:00.001 [ThreadPoolTaskScheduler-2] INFO  [com.uca.idhuca.sistema.indicadores.services.IBackupService:performBackup:14] - Starting backup process...
2025-07-10 22:30:00.005 [ThreadPoolTaskScheduler-2] INFO  [com.uca.idhuca.sistema.indicadores.services.IBackupService:performBackup:21] - Backup completed successfully.
2025-07-10 22:30:30.000 [ThreadPoolTaskScheduler-1] INFO  [com.uca.idhuca.sistema.indicadores.services.IBackupService:performBackup:14] - Starting backup process...
2025-07-10 22:30:30.004 [ThreadPoolTaskScheduler-1] INFO  [com.uca.idhuca.sistema.indicadores.services.IBackupService:performBackup:21] - Backup completed successfully.
2025-07-10 22:31:00.000 [ThreadPoolTaskScheduler-1] INFO  [com.uca.idhuca.sistema.indicadores.services.IBackupService:performBackup:14] - Starting backup process...
2025-07-10 22:31:00.003 [ThreadPoolTaskScheduler-1] INFO  [com.uca.idhuca.sistema.indicadores.services.IBackupService:performBackup:21] - Backup completed successfully.
2025-07-10 22:31:30.002 [ThreadPoolTaskScheduler-1] INFO  [com.uca.idhuca.sistema.indicadores.services.IBackupService:performBackup:14] - Starting backup process...
2025-07-10 22:31:30.007 [ThreadPoolTaskScheduler-1] INFO  [com.uca.idhuca.sistema.indicadores.services.IBackupService:performBackup:21] - Backup completed successfully.
2025-07-10 22:32:00.001 [ThreadPoolTaskScheduler-1] INFO  [com.uca.idhuca.sistema.indicadores.services.IBackupService:performBackup:14] - Starting backup process...
2025-07-10 22:32:00.006 [ThreadPoolTaskScheduler-1] INFO  [com.uca.idhuca.sistema.indicadores.services.IBackupService:performBackup:21] - Backup completed successfully.
2025-07-10 22:32:30.002 [ThreadPoolTaskScheduler-2] INFO  [com.uca.idhuca.sistema.indicadores.services.IBackupService:performBackup:14] - Starting backup process...
2025-07-10 22:32:30.004 [ThreadPoolTaskScheduler-2] INFO  [com.uca.idhuca.sistema.indicadores.services.IBackupService:performBackup:21] - Backup completed successfully.
2025-07-10 22:33:00.001 [ThreadPoolTaskScheduler-5] INFO  [com.uca.idhuca.sistema.indicadores.services.IBackupService:performBackup:14] - Starting backup process...
2025-07-10 22:33:00.004 [ThreadPoolTaskScheduler-5] INFO  [com.uca.idhuca.sistema.indicadores.services.IBackupService:performBackup:21] - Backup completed successfully.
2025-07-10 22:33:30.000 [ThreadPoolTaskScheduler-5] INFO  [com.uca.idhuca.sistema.indicadores.services.IBackupService:performBackup:14] - Starting backup process...
2025-07-10 22:33:30.005 [ThreadPoolTaskScheduler-5] INFO  [com.uca.idhuca.sistema.indicadores.services.IBackupService:performBackup:21] - Backup completed successfully.
2025-07-10 22:34:00.000 [ThreadPoolTaskScheduler-5] INFO  [com.uca.idhuca.sistema.indicadores.services.IBackupService:performBackup:14] - Starting backup process...
2025-07-10 22:34:00.004 [ThreadPoolTaskScheduler-5] INFO  [com.uca.idhuca.sistema.indicadores.services.IBackupService:performBackup:21] - Backup completed successfully.
2025-07-10 22:34:30.001 [ThreadPoolTaskScheduler-1] INFO  [com.uca.idhuca.sistema.indicadores.services.IBackupService:performBackup:14] - Starting backup process...
2025-07-10 22:34:30.004 [ThreadPoolTaskScheduler-1] INFO  [com.uca.idhuca.sistema.indicadores.services.IBackupService:performBackup:21] - Backup completed successfully.
2025-07-10 22:35:00.002 [ThreadPoolTaskScheduler-1] INFO  [com.uca.idhuca.sistema.indicadores.services.IBackupService:performBackup:14] - Starting backup process...
2025-07-10 22:35:00.009 [ThreadPoolTaskScheduler-1] INFO  [com.uca.idhuca.sistema.indicadores.services.IBackupService:performBackup:21] - Backup completed successfully.
2025-07-10 22:35:30.000 [ThreadPoolTaskScheduler-3] INFO  [com.uca.idhuca.sistema.indicadores.services.IBackupService:performBackup:14] - Starting backup process...
2025-07-10 22:35:30.003 [ThreadPoolTaskScheduler-3] INFO  [com.uca.idhuca.sistema.indicadores.services.IBackupService:performBackup:21] - Backup completed successfully.
2025-07-10 22:36:00.001 [ThreadPoolTaskScheduler-4] INFO  [com.uca.idhuca.sistema.indicadores.services.IBackupService:performBackup:14] - Starting backup process...
2025-07-10 22:36:00.005 [ThreadPoolTaskScheduler-4] INFO  [com.uca.idhuca.sistema.indicadores.services.IBackupService:performBackup:21] - Backup completed successfully.
2025-07-10 22:36:30.026 [ThreadPoolTaskScheduler-4] INFO  [com.uca.idhuca.sistema.indicadores.services.IBackupService:performBackup:14] - Starting backup process...
2025-07-10 22:36:30.097 [ThreadPoolTaskScheduler-4] INFO  [com.uca.idhuca.sistema.indicadores.services.IBackupService:performBackup:21] - Backup completed successfully.
2025-07-10 22:37:00.001 [ThreadPoolTaskScheduler-4] INFO  [com.uca.idhuca.sistema.indicadores.services.IBackupService:performBackup:14] - Starting backup process...
2025-07-10 22:37:00.004 [ThreadPoolTaskScheduler-4] INFO  [com.uca.idhuca.sistema.indicadores.services.IBackupService:performBackup:21] - Backup completed successfully.
2025-07-10 22:37:30.000 [ThreadPoolTaskScheduler-4] INFO  [com.uca.idhuca.sistema.indicadores.services.IBackupService:performBackup:14] - Starting backup process...
2025-07-10 22:37:30.003 [ThreadPoolTaskScheduler-4] INFO  [com.uca.idhuca.sistema.indicadores.services.IBackupService:performBackup:21] - Backup completed successfully.
2025-07-10 22:38:00.000 [ThreadPoolTaskScheduler-4] INFO  [com.uca.idhuca.sistema.indicadores.services.IBackupService:performBackup:14] - Starting backup process...
2025-07-10 22:38:00.003 [ThreadPoolTaskScheduler-4] INFO  [com.uca.idhuca.sistema.indicadores.services.IBackupService:performBackup:21] - Backup completed successfully.
2025-07-10 22:38:30.000 [ThreadPoolTaskScheduler-4] INFO  [com.uca.idhuca.sistema.indicadores.services.IBackupService:performBackup:14] - Starting backup process...
2025-07-10 22:38:30.003 [ThreadPoolTaskScheduler-4] INFO  [com.uca.idhuca.sistema.indicadores.services.IBackupService:performBackup:21] - Backup completed successfully.
2025-07-10 22:39:00.000 [ThreadPoolTaskScheduler-4] INFO  [com.uca.idhuca.sistema.indicadores.services.IBackupService:performBackup:14] - Starting backup process...
2025-07-10 22:39:00.005 [ThreadPoolTaskScheduler-4] INFO  [com.uca.idhuca.sistema.indicadores.services.IBackupService:performBackup:21] - Backup completed successfully.
2025-07-10 22:39:30.001 [ThreadPoolTaskScheduler-4] INFO  [com.uca.idhuca.sistema.indicadores.services.IBackupService:performBackup:14] - Starting backup process...
2025-07-10 22:39:30.004 [ThreadPoolTaskScheduler-4] INFO  [com.uca.idhuca.sistema.indicadores.services.IBackupService:performBackup:21] - Backup completed successfully.
2025-07-10 22:40:00.001 [ThreadPoolTaskScheduler-4] INFO  [com.uca.idhuca.sistema.indicadores.services.IBackupService:performBackup:14] - Starting backup process...
2025-07-10 22:40:00.005 [ThreadPoolTaskScheduler-4] INFO  [com.uca.idhuca.sistema.indicadores.services.IBackupService:performBackup:21] - Backup completed successfully.
2025-07-10 22:40:30.000 [ThreadPoolTaskScheduler-5] INFO  [com.uca.idhuca.sistema.indicadores.services.IBackupService:performBackup:14] - Starting backup process...
2025-07-10 22:40:30.005 [ThreadPoolTaskScheduler-5] INFO  [com.uca.idhuca.sistema.indicadores.services.IBackupService:performBackup:21] - Backup completed successfully.
2025-07-10 22:41:00.000 [ThreadPoolTaskScheduler-2] INFO  [com.uca.idhuca.sistema.indicadores.services.IBackupService:performBackup:14] - Starting backup process...
2025-07-10 22:41:00.003 [ThreadPoolTaskScheduler-2] INFO  [com.uca.idhuca.sistema.indicadores.services.IBackupService:performBackup:21] - Backup completed successfully.
2025-07-10 22:41:30.001 [ThreadPoolTaskScheduler-1] INFO  [com.uca.idhuca.sistema.indicadores.services.IBackupService:performBackup:14] - Starting backup process...
2025-07-10 22:41:30.004 [ThreadPoolTaskScheduler-1] INFO  [com.uca.idhuca.sistema.indicadores.services.IBackupService:performBackup:21] - Backup completed successfully.
2025-07-10 22:42:00.001 [ThreadPoolTaskScheduler-1] INFO  [com.uca.idhuca.sistema.indicadores.services.IBackupService:performBackup:14] - Starting backup process...
2025-07-10 22:42:00.006 [ThreadPoolTaskScheduler-1] INFO  [com.uca.idhuca.sistema.indicadores.services.IBackupService:performBackup:21] - Backup completed successfully.
2025-07-10 22:42:30.001 [ThreadPoolTaskScheduler-4] INFO  [com.uca.idhuca.sistema.indicadores.services.IBackupService:performBackup:14] - Starting backup process...
2025-07-10 22:42:30.004 [ThreadPoolTaskScheduler-4] INFO  [com.uca.idhuca.sistema.indicadores.services.IBackupService:performBackup:21] - Backup completed successfully.
2025-07-10 22:43:00.000 [ThreadPoolTaskScheduler-5] INFO  [com.uca.idhuca.sistema.indicadores.services.IBackupService:performBackup:14] - Starting backup process...
2025-07-10 22:43:00.004 [ThreadPoolTaskScheduler-5] INFO  [com.uca.idhuca.sistema.indicadores.services.IBackupService:performBackup:21] - Backup completed successfully.
2025-07-10 22:43:30.000 [ThreadPoolTaskScheduler-5] INFO  [com.uca.idhuca.sistema.indicadores.services.IBackupService:performBackup:14] - Starting backup process...
2025-07-10 22:43:30.005 [ThreadPoolTaskScheduler-5] INFO  [com.uca.idhuca.sistema.indicadores.services.IBackupService:performBackup:21] - Backup completed successfully.
2025-07-10 22:44:00.000 [ThreadPoolTaskScheduler-5] INFO  [com.uca.idhuca.sistema.indicadores.services.IBackupService:performBackup:14] - Starting backup process...
2025-07-10 22:44:00.003 [ThreadPoolTaskScheduler-5] INFO  [com.uca.idhuca.sistema.indicadores.services.IBackupService:performBackup:21] - Backup completed successfully.
2025-07-10 22:44:30.002 [ThreadPoolTaskScheduler-5] INFO  [com.uca.idhuca.sistema.indicadores.services.IBackupService:performBackup:14] - Starting backup process...
2025-07-10 22:44:30.006 [ThreadPoolTaskScheduler-5] INFO  [com.uca.idhuca.sistema.indicadores.services.IBackupService:performBackup:21] - Backup completed successfully.
2025-07-10 22:45:00.000 [ThreadPoolTaskScheduler-5] INFO  [com.uca.idhuca.sistema.indicadores.services.IBackupService:performBackup:14] - Starting backup process...
2025-07-10 22:45:00.004 [ThreadPoolTaskScheduler-5] INFO  [com.uca.idhuca.sistema.indicadores.services.IBackupService:performBackup:21] - Backup completed successfully.
2025-07-10 22:45:30.001 [ThreadPoolTaskScheduler-5] INFO  [com.uca.idhuca.sistema.indicadores.services.IBackupService:performBackup:14] - Starting backup process...
2025-07-10 22:45:30.005 [ThreadPoolTaskScheduler-5] INFO  [com.uca.idhuca.sistema.indicadores.services.IBackupService:performBackup:21] - Backup completed successfully.
2025-07-10 22:46:00.000 [ThreadPoolTaskScheduler-5] INFO  [com.uca.idhuca.sistema.indicadores.services.IBackupService:performBackup:14] - Starting backup process...
2025-07-10 22:46:00.003 [ThreadPoolTaskScheduler-5] INFO  [com.uca.idhuca.sistema.indicadores.services.IBackupService:performBackup:21] - Backup completed successfully.
2025-07-10 22:46:30.001 [ThreadPoolTaskScheduler-5] INFO  [com.uca.idhuca.sistema.indicadores.services.IBackupService:performBackup:14] - Starting backup process...
2025-07-10 22:46:30.004 [ThreadPoolTaskScheduler-5] INFO  [com.uca.idhuca.sistema.indicadores.services.IBackupService:performBackup:21] - Backup completed successfully.
2025-07-10 22:47:00.001 [ThreadPoolTaskScheduler-4] INFO  [com.uca.idhuca.sistema.indicadores.services.IBackupService:performBackup:14] - Starting backup process...
2025-07-10 22:47:00.003 [ThreadPoolTaskScheduler-4] INFO  [com.uca.idhuca.sistema.indicadores.services.IBackupService:performBackup:21] - Backup completed successfully.
2025-07-10 22:47:30.000 [ThreadPoolTaskScheduler-4] INFO  [com.uca.idhuca.sistema.indicadores.services.IBackupService:performBackup:14] - Starting backup process...
2025-07-10 22:47:30.004 [ThreadPoolTaskScheduler-4] INFO  [com.uca.idhuca.sistema.indicadores.services.IBackupService:performBackup:21] - Backup completed successfully.
2025-07-10 22:48:00.000 [ThreadPoolTaskScheduler-4] INFO  [com.uca.idhuca.sistema.indicadores.services.IBackupService:performBackup:14] - Starting backup process...
2025-07-10 22:48:00.003 [ThreadPoolTaskScheduler-4] INFO  [com.uca.idhuca.sistema.indicadores.services.IBackupService:performBackup:21] - Backup completed successfully.
2025-07-10 22:48:30.001 [ThreadPoolTaskScheduler-4] INFO  [com.uca.idhuca.sistema.indicadores.services.IBackupService:performBackup:14] - Starting backup process...
2025-07-10 22:48:30.005 [ThreadPoolTaskScheduler-4] INFO  [com.uca.idhuca.sistema.indicadores.services.IBackupService:performBackup:21] - Backup completed successfully.
2025-07-10 22:49:00.000 [ThreadPoolTaskScheduler-4] INFO  [com.uca.idhuca.sistema.indicadores.services.IBackupService:performBackup:14] - Starting backup process...
2025-07-10 22:49:00.004 [ThreadPoolTaskScheduler-4] INFO  [com.uca.idhuca.sistema.indicadores.services.IBackupService:performBackup:21] - Backup completed successfully.
2025-07-10 22:49:30.001 [ThreadPoolTaskScheduler-2] INFO  [com.uca.idhuca.sistema.indicadores.services.IBackupService:performBackup:14] - Starting backup process...
2025-07-10 22:49:30.023 [ThreadPoolTaskScheduler-2] INFO  [com.uca.idhuca.sistema.indicadores.services.IBackupService:performBackup:21] - Backup completed successfully.
2025-07-10 22:50:00.000 [ThreadPoolTaskScheduler-2] INFO  [com.uca.idhuca.sistema.indicadores.services.IBackupService:performBackup:14] - Starting backup process...
2025-07-10 22:50:00.003 [ThreadPoolTaskScheduler-2] INFO  [com.uca.idhuca.sistema.indicadores.services.IBackupService:performBackup:21] - Backup completed successfully.
2025-07-10 22:50:30.000 [ThreadPoolTaskScheduler-1] INFO  [com.uca.idhuca.sistema.indicadores.services.IBackupService:performBackup:14] - Starting backup process...
2025-07-10 22:50:30.004 [ThreadPoolTaskScheduler-1] INFO  [com.uca.idhuca.sistema.indicadores.services.IBackupService:performBackup:21] - Backup completed successfully.
2025-07-10 22:51:00.000 [ThreadPoolTaskScheduler-5] INFO  [com.uca.idhuca.sistema.indicadores.services.IBackupService:performBackup:14] - Starting backup process...
2025-07-10 22:51:00.003 [ThreadPoolTaskScheduler-5] INFO  [com.uca.idhuca.sistema.indicadores.services.IBackupService:performBackup:21] - Backup completed successfully.
2025-07-10 22:51:29.999 [ThreadPoolTaskScheduler-4] INFO  [com.uca.idhuca.sistema.indicadores.services.IBackupService:performBackup:14] - Starting backup process...
2025-07-10 22:51:30.002 [ThreadPoolTaskScheduler-4] INFO  [com.uca.idhuca.sistema.indicadores.services.IBackupService:performBackup:21] - Backup completed successfully.
2025-07-10 22:52:00.000 [ThreadPoolTaskScheduler-3] INFO  [com.uca.idhuca.sistema.indicadores.services.IBackupService:performBackup:14] - Starting backup process...
2025-07-10 22:52:00.005 [ThreadPoolTaskScheduler-3] INFO  [com.uca.idhuca.sistema.indicadores.services.IBackupService:performBackup:21] - Backup completed successfully.
2025-07-10 22:52:30.001 [ThreadPoolTaskScheduler-3] INFO  [com.uca.idhuca.sistema.indicadores.services.IBackupService:performBackup:14] - Starting backup process...
2025-07-10 22:52:30.004 [ThreadPoolTaskScheduler-3] INFO  [com.uca.idhuca.sistema.indicadores.services.IBackupService:performBackup:21] - Backup completed successfully.
2025-07-10 22:53:00.002 [ThreadPoolTaskScheduler-3] INFO  [com.uca.idhuca.sistema.indicadores.services.IBackupService:performBackup:14] - Starting backup process...
2025-07-10 22:53:00.005 [ThreadPoolTaskScheduler-3] INFO  [com.uca.idhuca.sistema.indicadores.services.IBackupService:performBackup:21] - Backup completed successfully.
2025-07-10 22:53:30.001 [ThreadPoolTaskScheduler-5] INFO  [com.uca.idhuca.sistema.indicadores.services.IBackupService:performBackup:14] - Starting backup process...
2025-07-10 22:53:30.005 [ThreadPoolTaskScheduler-5] INFO  [com.uca.idhuca.sistema.indicadores.services.IBackupService:performBackup:21] - Backup completed successfully.
2025-07-10 22:54:00.001 [ThreadPoolTaskScheduler-5] INFO  [com.uca.idhuca.sistema.indicadores.services.IBackupService:performBackup:14] - Starting backup process...
2025-07-10 22:54:00.004 [ThreadPoolTaskScheduler-5] INFO  [com.uca.idhuca.sistema.indicadores.services.IBackupService:performBackup:21] - Backup completed successfully.
2025-07-10 22:54:30.001 [ThreadPoolTaskScheduler-5] INFO  [com.uca.idhuca.sistema.indicadores.services.IBackupService:performBackup:14] - Starting backup process...
2025-07-10 22:54:30.005 [ThreadPoolTaskScheduler-5] INFO  [com.uca.idhuca.sistema.indicadores.services.IBackupService:performBackup:21] - Backup completed successfully.
2025-07-10 22:55:00.000 [ThreadPoolTaskScheduler-5] INFO  [com.uca.idhuca.sistema.indicadores.services.IBackupService:performBackup:14] - Starting backup process...
2025-07-10 22:55:00.004 [ThreadPoolTaskScheduler-5] INFO  [com.uca.idhuca.sistema.indicadores.services.IBackupService:performBackup:21] - Backup completed successfully.
2025-07-10 22:55:30.000 [ThreadPoolTaskScheduler-3] INFO  [com.uca.idhuca.sistema.indicadores.services.IBackupService:performBackup:14] - Starting backup process...
2025-07-10 22:55:30.003 [ThreadPoolTaskScheduler-3] INFO  [com.uca.idhuca.sistema.indicadores.services.IBackupService:performBackup:21] - Backup completed successfully.
2025-07-10 22:56:00.000 [ThreadPoolTaskScheduler-3] INFO  [com.uca.idhuca.sistema.indicadores.services.IBackupService:performBackup:14] - Starting backup process...
2025-07-10 22:56:00.004 [ThreadPoolTaskScheduler-3] INFO  [com.uca.idhuca.sistema.indicadores.services.IBackupService:performBackup:21] - Backup completed successfully.
2025-07-10 22:56:30.001 [ThreadPoolTaskScheduler-3] INFO  [com.uca.idhuca.sistema.indicadores.services.IBackupService:performBackup:14] - Starting backup process...
2025-07-10 22:56:30.005 [ThreadPoolTaskScheduler-3] INFO  [com.uca.idhuca.sistema.indicadores.services.IBackupService:performBackup:21] - Backup completed successfully.
2025-07-10 22:57:00.000 [ThreadPoolTaskScheduler-3] INFO  [com.uca.idhuca.sistema.indicadores.services.IBackupService:performBackup:14] - Starting backup process...
2025-07-10 22:57:00.003 [ThreadPoolTaskScheduler-3] INFO  [com.uca.idhuca.sistema.indicadores.services.IBackupService:performBackup:21] - Backup completed successfully.
2025-07-10 22:57:30.001 [ThreadPoolTaskScheduler-3] INFO  [com.uca.idhuca.sistema.indicadores.services.IBackupService:performBackup:14] - Starting backup process...
2025-07-10 22:57:30.006 [ThreadPoolTaskScheduler-3] INFO  [com.uca.idhuca.sistema.indicadores.services.IBackupService:performBackup:21] - Backup completed successfully.
2025-07-10 22:58:00.000 [ThreadPoolTaskScheduler-4] INFO  [com.uca.idhuca.sistema.indicadores.services.IBackupService:performBackup:14] - Starting backup process...
2025-07-10 22:58:00.004 [ThreadPoolTaskScheduler-4] INFO  [com.uca.idhuca.sistema.indicadores.services.IBackupService:performBackup:21] - Backup completed successfully.
2025-07-10 22:58:30.000 [ThreadPoolTaskScheduler-2] INFO  [com.uca.idhuca.sistema.indicadores.services.IBackupService:performBackup:14] - Starting backup process...
2025-07-10 22:58:30.003 [ThreadPoolTaskScheduler-2] INFO  [com.uca.idhuca.sistema.indicadores.services.IBackupService:performBackup:21] - Backup completed successfully.
2025-07-10 22:59:00.000 [ThreadPoolTaskScheduler-1] INFO  [com.uca.idhuca.sistema.indicadores.services.IBackupService:performBackup:14] - Starting backup process...
2025-07-10 22:59:00.003 [ThreadPoolTaskScheduler-1] INFO  [com.uca.idhuca.sistema.indicadores.services.IBackupService:performBackup:21] - Backup completed successfully.
2025-07-10 22:59:30.000 [ThreadPoolTaskScheduler-1] INFO  [com.uca.idhuca.sistema.indicadores.services.IBackupService:performBackup:14] - Starting backup process...
2025-07-10 22:59:30.003 [ThreadPoolTaskScheduler-1] INFO  [com.uca.idhuca.sistema.indicadores.services.IBackupService:performBackup:21] - Backup completed successfully.
2025-07-10 23:00:00.001 [ThreadPoolTaskScheduler-1] INFO  [com.uca.idhuca.sistema.indicadores.services.IBackupService:performBackup:14] - Starting backup process...
2025-07-10 23:00:00.005 [ThreadPoolTaskScheduler-1] INFO  [com.uca.idhuca.sistema.indicadores.services.IBackupService:performBackup:21] - Backup completed successfully.
2025-07-10 23:00:30.002 [ThreadPoolTaskScheduler-1] INFO  [com.uca.idhuca.sistema.indicadores.services.IBackupService:performBackup:14] - Starting backup process...
2025-07-10 23:00:30.006 [ThreadPoolTaskScheduler-1] INFO  [com.uca.idhuca.sistema.indicadores.services.IBackupService:performBackup:21] - Backup completed successfully.
2025-07-10 23:01:00.001 [ThreadPoolTaskScheduler-1] INFO  [com.uca.idhuca.sistema.indicadores.services.IBackupService:performBackup:14] - Starting backup process...
2025-07-10 23:01:00.005 [ThreadPoolTaskScheduler-1] INFO  [com.uca.idhuca.sistema.indicadores.services.IBackupService:performBackup:21] - Backup completed successfully.
2025-07-10 23:01:30.001 [ThreadPoolTaskScheduler-5] INFO  [com.uca.idhuca.sistema.indicadores.services.IBackupService:performBackup:14] - Starting backup process...
2025-07-10 23:01:30.004 [ThreadPoolTaskScheduler-5] INFO  [com.uca.idhuca.sistema.indicadores.services.IBackupService:performBackup:21] - Backup completed successfully.
2025-07-10 23:02:00.001 [ThreadPoolTaskScheduler-5] INFO  [com.uca.idhuca.sistema.indicadores.services.IBackupService:performBackup:14] - Starting backup process...
2025-07-10 23:02:00.005 [ThreadPoolTaskScheduler-5] INFO  [com.uca.idhuca.sistema.indicadores.services.IBackupService:performBackup:21] - Backup completed successfully.
2025-07-10 23:02:30.000 [ThreadPoolTaskScheduler-4] INFO  [com.uca.idhuca.sistema.indicadores.services.IBackupService:performBackup:14] - Starting backup process...
2025-07-10 23:02:30.004 [ThreadPoolTaskScheduler-4] INFO  [com.uca.idhuca.sistema.indicadores.services.IBackupService:performBackup:21] - Backup completed successfully.
2025-07-10 23:03:00.001 [ThreadPoolTaskScheduler-4] INFO  [com.uca.idhuca.sistema.indicadores.services.IBackupService:performBackup:14] - Starting backup process...
2025-07-10 23:03:00.004 [ThreadPoolTaskScheduler-4] INFO  [com.uca.idhuca.sistema.indicadores.services.IBackupService:performBackup:21] - Backup completed successfully.
2025-07-10 23:03:30.001 [ThreadPoolTaskScheduler-4] INFO  [com.uca.idhuca.sistema.indicadores.services.IBackupService:performBackup:14] - Starting backup process...
2025-07-10 23:03:30.004 [ThreadPoolTaskScheduler-4] INFO  [com.uca.idhuca.sistema.indicadores.services.IBackupService:performBackup:21] - Backup completed successfully.
2025-07-10 23:04:00.000 [ThreadPoolTaskScheduler-4] INFO  [com.uca.idhuca.sistema.indicadores.services.IBackupService:performBackup:14] - Starting backup process...
2025-07-10 23:04:00.003 [ThreadPoolTaskScheduler-4] INFO  [com.uca.idhuca.sistema.indicadores.services.IBackupService:performBackup:21] - Backup completed successfully.
2025-07-10 23:04:30.001 [ThreadPoolTaskScheduler-4] INFO  [com.uca.idhuca.sistema.indicadores.services.IBackupService:performBackup:14] - Starting backup process...
2025-07-10 23:04:30.004 [ThreadPoolTaskScheduler-4] INFO  [com.uca.idhuca.sistema.indicadores.services.IBackupService:performBackup:21] - Backup completed successfully.
2025-07-10 23:05:00.000 [ThreadPoolTaskScheduler-4] INFO  [com.uca.idhuca.sistema.indicadores.services.IBackupService:performBackup:14] - Starting backup process...
2025-07-10 23:05:00.002 [ThreadPoolTaskScheduler-4] INFO  [com.uca.idhuca.sistema.indicadores.services.IBackupService:performBackup:21] - Backup completed successfully.
2025-07-10 23:05:30.000 [ThreadPoolTaskScheduler-1] INFO  [com.uca.idhuca.sistema.indicadores.services.IBackupService:performBackup:14] - Starting backup process...
2025-07-10 23:05:30.003 [ThreadPoolTaskScheduler-1] INFO  [com.uca.idhuca.sistema.indicadores.services.IBackupService:performBackup:21] - Backup completed successfully.
2025-07-10 23:06:00.001 [ThreadPoolTaskScheduler-1] INFO  [com.uca.idhuca.sistema.indicadores.services.IBackupService:performBackup:14] - Starting backup process...
2025-07-10 23:06:00.006 [ThreadPoolTaskScheduler-1] INFO  [com.uca.idhuca.sistema.indicadores.services.IBackupService:performBackup:21] - Backup completed successfully.
2025-07-10 23:06:30.002 [ThreadPoolTaskScheduler-1] INFO  [com.uca.idhuca.sistema.indicadores.services.IBackupService:performBackup:14] - Starting backup process...
2025-07-10 23:06:30.005 [ThreadPoolTaskScheduler-1] INFO  [com.uca.idhuca.sistema.indicadores.services.IBackupService:performBackup:21] - Backup completed successfully.
2025-07-10 23:07:00.001 [ThreadPoolTaskScheduler-1] INFO  [com.uca.idhuca.sistema.indicadores.services.IBackupService:performBackup:14] - Starting backup process...
2025-07-10 23:07:00.004 [ThreadPoolTaskScheduler-1] INFO  [com.uca.idhuca.sistema.indicadores.services.IBackupService:performBackup:21] - Backup completed successfully.
2025-07-10 23:07:30.002 [ThreadPoolTaskScheduler-1] INFO  [com.uca.idhuca.sistema.indicadores.services.IBackupService:performBackup:14] - Starting backup process...
2025-07-10 23:07:30.006 [ThreadPoolTaskScheduler-1] INFO  [com.uca.idhuca.sistema.indicadores.services.IBackupService:performBackup:21] - Backup completed successfully.
2025-07-10 23:08:00.001 [ThreadPoolTaskScheduler-1] INFO  [com.uca.idhuca.sistema.indicadores.services.IBackupService:performBackup:14] - Starting backup process...
2025-07-10 23:08:00.006 [ThreadPoolTaskScheduler-1] INFO  [com.uca.idhuca.sistema.indicadores.services.IBackupService:performBackup:21] - Backup completed successfully.
2025-07-10 23:08:30.000 [ThreadPoolTaskScheduler-1] INFO  [com.uca.idhuca.sistema.indicadores.services.IBackupService:performBackup:14] - Starting backup process...
2025-07-10 23:08:30.003 [ThreadPoolTaskScheduler-1] INFO  [com.uca.idhuca.sistema.indicadores.services.IBackupService:performBackup:21] - Backup completed successfully.
2025-07-10 23:09:00.001 [ThreadPoolTaskScheduler-1] INFO  [com.uca.idhuca.sistema.indicadores.services.IBackupService:performBackup:14] - Starting backup process...
2025-07-10 23:09:00.005 [ThreadPoolTaskScheduler-1] INFO  [com.uca.idhuca.sistema.indicadores.services.IBackupService:performBackup:21] - Backup completed successfully.
2025-07-10 23:09:30.001 [ThreadPoolTaskScheduler-1] INFO  [com.uca.idhuca.sistema.indicadores.services.IBackupService:performBackup:14] - Starting backup process...
2025-07-10 23:09:30.004 [ThreadPoolTaskScheduler-1] INFO  [com.uca.idhuca.sistema.indicadores.services.IBackupService:performBackup:21] - Backup completed successfully.
2025-07-10 23:10:00.001 [ThreadPoolTaskScheduler-1] INFO  [com.uca.idhuca.sistema.indicadores.services.IBackupService:performBackup:14] - Starting backup process...
2025-07-10 23:10:00.004 [ThreadPoolTaskScheduler-1] INFO  [com.uca.idhuca.sistema.indicadores.services.IBackupService:performBackup:21] - Backup completed successfully.
2025-07-10 23:10:30.000 [ThreadPoolTaskScheduler-5] INFO  [com.uca.idhuca.sistema.indicadores.services.IBackupService:performBackup:14] - Starting backup process...
2025-07-10 23:10:30.004 [ThreadPoolTaskScheduler-5] INFO  [com.uca.idhuca.sistema.indicadores.services.IBackupService:performBackup:21] - Backup completed successfully.
2025-07-10 23:11:00.002 [ThreadPoolTaskScheduler-2] INFO  [com.uca.idhuca.sistema.indicadores.services.IBackupService:performBackup:14] - Starting backup process...
2025-07-10 23:11:00.005 [ThreadPoolTaskScheduler-2] INFO  [com.uca.idhuca.sistema.indicadores.services.IBackupService:performBackup:21] - Backup completed successfully.
2025-07-10 23:11:30.000 [ThreadPoolTaskScheduler-4] INFO  [com.uca.idhuca.sistema.indicadores.services.IBackupService:performBackup:14] - Starting backup process...
2025-07-10 23:11:30.003 [ThreadPoolTaskScheduler-4] INFO  [com.uca.idhuca.sistema.indicadores.services.IBackupService:performBackup:21] - Backup completed successfully.
2025-07-10 23:12:00.001 [ThreadPoolTaskScheduler-4] INFO  [com.uca.idhuca.sistema.indicadores.services.IBackupService:performBackup:14] - Starting backup process...
2025-07-10 23:12:00.013 [ThreadPoolTaskScheduler-4] INFO  [com.uca.idhuca.sistema.indicadores.services.IBackupService:performBackup:21] - Backup completed successfully.
2025-07-10 23:12:30.000 [ThreadPoolTaskScheduler-1] INFO  [com.uca.idhuca.sistema.indicadores.services.IBackupService:performBackup:14] - Starting backup process...
2025-07-10 23:12:30.003 [ThreadPoolTaskScheduler-1] INFO  [com.uca.idhuca.sistema.indicadores.services.IBackupService:performBackup:21] - Backup completed successfully.
2025-07-10 23:13:00.001 [ThreadPoolTaskScheduler-5] INFO  [com.uca.idhuca.sistema.indicadores.services.IBackupService:performBackup:14] - Starting backup process...
2025-07-10 23:13:00.005 [ThreadPoolTaskScheduler-5] INFO  [com.uca.idhuca.sistema.indicadores.services.IBackupService:performBackup:21] - Backup completed successfully.
2025-07-10 23:13:30.000 [ThreadPoolTaskScheduler-2] INFO  [com.uca.idhuca.sistema.indicadores.services.IBackupService:performBackup:14] - Starting backup process...
2025-07-10 23:13:30.004 [ThreadPoolTaskScheduler-2] INFO  [com.uca.idhuca.sistema.indicadores.services.IBackupService:performBackup:21] - Backup completed successfully.
2025-07-10 23:14:00.001 [ThreadPoolTaskScheduler-3] INFO  [com.uca.idhuca.sistema.indicadores.services.IBackupService:performBackup:14] - Starting backup process...
2025-07-10 23:14:00.004 [ThreadPoolTaskScheduler-3] INFO  [com.uca.idhuca.sistema.indicadores.services.IBackupService:performBackup:21] - Backup completed successfully.
2025-07-10 23:14:30.000 [ThreadPoolTaskScheduler-4] INFO  [com.uca.idhuca.sistema.indicadores.services.IBackupService:performBackup:14] - Starting backup process...
2025-07-10 23:14:30.003 [ThreadPoolTaskScheduler-4] INFO  [com.uca.idhuca.sistema.indicadores.services.IBackupService:performBackup:21] - Backup completed successfully.
2025-07-10 23:15:00.001 [ThreadPoolTaskScheduler-4] INFO  [com.uca.idhuca.sistema.indicadores.services.IBackupService:performBackup:14] - Starting backup process...
2025-07-10 23:15:00.004 [ThreadPoolTaskScheduler-4] INFO  [com.uca.idhuca.sistema.indicadores.services.IBackupService:performBackup:21] - Backup completed successfully.
2025-07-10 23:15:30.002 [ThreadPoolTaskScheduler-4] INFO  [com.uca.idhuca.sistema.indicadores.services.IBackupService:performBackup:14] - Starting backup process...
2025-07-10 23:15:30.006 [ThreadPoolTaskScheduler-4] INFO  [com.uca.idhuca.sistema.indicadores.services.IBackupService:performBackup:21] - Backup completed successfully.
2025-07-10 23:16:00.000 [ThreadPoolTaskScheduler-2] INFO  [com.uca.idhuca.sistema.indicadores.services.IBackupService:performBackup:14] - Starting backup process...
2025-07-10 23:16:00.005 [ThreadPoolTaskScheduler-2] INFO  [com.uca.idhuca.sistema.indicadores.services.IBackupService:performBackup:21] - Backup completed successfully.
2025-07-10 23:16:30.001 [ThreadPoolTaskScheduler-3] INFO  [com.uca.idhuca.sistema.indicadores.services.IBackupService:performBackup:14] - Starting backup process...
2025-07-10 23:16:30.005 [ThreadPoolTaskScheduler-3] INFO  [com.uca.idhuca.sistema.indicadores.services.IBackupService:performBackup:21] - Backup completed successfully.
2025-07-10 23:17:00.001 [ThreadPoolTaskScheduler-1] INFO  [com.uca.idhuca.sistema.indicadores.services.IBackupService:performBackup:14] - Starting backup process...
2025-07-10 23:17:00.004 [ThreadPoolTaskScheduler-1] INFO  [com.uca.idhuca.sistema.indicadores.services.IBackupService:performBackup:21] - Backup completed successfully.
2025-07-10 23:17:30.000 [ThreadPoolTaskScheduler-5] INFO  [com.uca.idhuca.sistema.indicadores.services.IBackupService:performBackup:14] - Starting backup process...
2025-07-10 23:17:30.004 [ThreadPoolTaskScheduler-5] INFO  [com.uca.idhuca.sistema.indicadores.services.IBackupService:performBackup:21] - Backup completed successfully.
2025-07-10 23:18:00.000 [ThreadPoolTaskScheduler-5] INFO  [com.uca.idhuca.sistema.indicadores.services.IBackupService:performBackup:14] - Starting backup process...
2025-07-10 23:18:00.004 [ThreadPoolTaskScheduler-5] INFO  [com.uca.idhuca.sistema.indicadores.services.IBackupService:performBackup:21] - Backup completed successfully.
2025-07-10 23:18:30.002 [ThreadPoolTaskScheduler-5] INFO  [com.uca.idhuca.sistema.indicadores.services.IBackupService:performBackup:14] - Starting backup process...
2025-07-10 23:18:30.005 [ThreadPoolTaskScheduler-5] INFO  [com.uca.idhuca.sistema.indicadores.services.IBackupService:performBackup:21] - Backup completed successfully.
2025-07-10 23:19:00.000 [ThreadPoolTaskScheduler-3] INFO  [com.uca.idhuca.sistema.indicadores.services.IBackupService:performBackup:14] - Starting backup process...
2025-07-10 23:19:00.005 [ThreadPoolTaskScheduler-3] INFO  [com.uca.idhuca.sistema.indicadores.services.IBackupService:performBackup:21] - Backup completed successfully.
2025-07-10 23:19:30.001 [ThreadPoolTaskScheduler-1] INFO  [com.uca.idhuca.sistema.indicadores.services.IBackupService:performBackup:14] - Starting backup process...
2025-07-10 23:19:30.004 [ThreadPoolTaskScheduler-1] INFO  [com.uca.idhuca.sistema.indicadores.services.IBackupService:performBackup:21] - Backup completed successfully.
2025-07-10 23:20:00.002 [ThreadPoolTaskScheduler-4] INFO  [com.uca.idhuca.sistema.indicadores.services.IBackupService:performBackup:14] - Starting backup process...
2025-07-10 23:20:00.009 [ThreadPoolTaskScheduler-4] INFO  [com.uca.idhuca.sistema.indicadores.services.IBackupService:performBackup:21] - Backup completed successfully.
2025-07-10 23:20:30.000 [ThreadPoolTaskScheduler-2] INFO  [com.uca.idhuca.sistema.indicadores.services.IBackupService:performBackup:14] - Starting backup process...
2025-07-10 23:20:30.004 [ThreadPoolTaskScheduler-2] INFO  [com.uca.idhuca.sistema.indicadores.services.IBackupService:performBackup:21] - Backup completed successfully.
2025-07-10 23:21:00.000 [ThreadPoolTaskScheduler-2] INFO  [com.uca.idhuca.sistema.indicadores.services.IBackupService:performBackup:14] - Starting backup process...
2025-07-10 23:21:00.003 [ThreadPoolTaskScheduler-2] INFO  [com.uca.idhuca.sistema.indicadores.services.IBackupService:performBackup:21] - Backup completed successfully.
2025-07-10 23:21:30.001 [ThreadPoolTaskScheduler-3] INFO  [com.uca.idhuca.sistema.indicadores.services.IBackupService:performBackup:14] - Starting backup process...
2025-07-10 23:21:30.007 [ThreadPoolTaskScheduler-3] INFO  [com.uca.idhuca.sistema.indicadores.services.IBackupService:performBackup:21] - Backup completed successfully.
2025-07-10 23:22:00.000 [ThreadPoolTaskScheduler-3] INFO  [com.uca.idhuca.sistema.indicadores.services.IBackupService:performBackup:14] - Starting backup process...
2025-07-10 23:22:00.005 [ThreadPoolTaskScheduler-3] INFO  [com.uca.idhuca.sistema.indicadores.services.IBackupService:performBackup:21] - Backup completed successfully.
2025-07-10 23:22:30.000 [ThreadPoolTaskScheduler-3] INFO  [com.uca.idhuca.sistema.indicadores.services.IBackupService:performBackup:14] - Starting backup process...
2025-07-10 23:22:30.003 [ThreadPoolTaskScheduler-3] INFO  [com.uca.idhuca.sistema.indicadores.services.IBackupService:performBackup:21] - Backup completed successfully.
2025-07-10 23:23:00.001 [ThreadPoolTaskScheduler-5] INFO  [com.uca.idhuca.sistema.indicadores.services.IBackupService:performBackup:14] - Starting backup process...
2025-07-10 23:23:00.005 [ThreadPoolTaskScheduler-5] INFO  [com.uca.idhuca.sistema.indicadores.services.IBackupService:performBackup:21] - Backup completed successfully.
2025-07-10 23:23:30.001 [ThreadPoolTaskScheduler-5] INFO  [com.uca.idhuca.sistema.indicadores.services.IBackupService:performBackup:14] - Starting backup process...
2025-07-10 23:23:30.004 [ThreadPoolTaskScheduler-5] INFO  [com.uca.idhuca.sistema.indicadores.services.IBackupService:performBackup:21] - Backup completed successfully.
2025-07-10 23:24:00.001 [ThreadPoolTaskScheduler-1] INFO  [com.uca.idhuca.sistema.indicadores.services.IBackupService:performBackup:14] - Starting backup process...
2025-07-10 23:24:00.005 [ThreadPoolTaskScheduler-1] INFO  [com.uca.idhuca.sistema.indicadores.services.IBackupService:performBackup:21] - Backup completed successfully.
2025-07-10 23:24:30.000 [ThreadPoolTaskScheduler-4] INFO  [com.uca.idhuca.sistema.indicadores.services.IBackupService:performBackup:14] - Starting backup process...
2025-07-10 23:24:30.003 [ThreadPoolTaskScheduler-4] INFO  [com.uca.idhuca.sistema.indicadores.services.IBackupService:performBackup:21] - Backup completed successfully.
2025-07-10 23:25:00.001 [ThreadPoolTaskScheduler-3] INFO  [com.uca.idhuca.sistema.indicadores.services.IBackupService:performBackup:14] - Starting backup process...
2025-07-10 23:25:00.004 [ThreadPoolTaskScheduler-3] INFO  [com.uca.idhuca.sistema.indicadores.services.IBackupService:performBackup:21] - Backup completed successfully.
2025-07-10 23:25:30.002 [ThreadPoolTaskScheduler-3] INFO  [com.uca.idhuca.sistema.indicadores.services.IBackupService:performBackup:14] - Starting backup process...
2025-07-10 23:25:30.006 [ThreadPoolTaskScheduler-3] INFO  [com.uca.idhuca.sistema.indicadores.services.IBackupService:performBackup:21] - Backup completed successfully.
2025-07-10 23:26:00.000 [ThreadPoolTaskScheduler-5] INFO  [com.uca.idhuca.sistema.indicadores.services.IBackupService:performBackup:14] - Starting backup process...
2025-07-10 23:26:00.003 [ThreadPoolTaskScheduler-5] INFO  [com.uca.idhuca.sistema.indicadores.services.IBackupService:performBackup:21] - Backup completed successfully.
2025-07-10 23:26:30.000 [ThreadPoolTaskScheduler-5] INFO  [com.uca.idhuca.sistema.indicadores.services.IBackupService:performBackup:14] - Starting backup process...
2025-07-10 23:26:30.004 [ThreadPoolTaskScheduler-5] INFO  [com.uca.idhuca.sistema.indicadores.services.IBackupService:performBackup:21] - Backup completed successfully.
2025-07-10 23:27:00.000 [ThreadPoolTaskScheduler-5] INFO  [com.uca.idhuca.sistema.indicadores.services.IBackupService:performBackup:14] - Starting backup process...
2025-07-10 23:27:00.006 [ThreadPoolTaskScheduler-5] INFO  [com.uca.idhuca.sistema.indicadores.services.IBackupService:performBackup:21] - Backup completed successfully.
2025-07-10 23:27:30.000 [ThreadPoolTaskScheduler-2] INFO  [com.uca.idhuca.sistema.indicadores.services.IBackupService:performBackup:14] - Starting backup process...
2025-07-10 23:27:30.003 [ThreadPoolTaskScheduler-2] INFO  [com.uca.idhuca.sistema.indicadores.services.IBackupService:performBackup:21] - Backup completed successfully.
2025-07-10 23:28:00.001 [ThreadPoolTaskScheduler-3] INFO  [com.uca.idhuca.sistema.indicadores.services.IBackupService:performBackup:14] - Starting backup process...
2025-07-10 23:28:00.006 [ThreadPoolTaskScheduler-3] INFO  [com.uca.idhuca.sistema.indicadores.services.IBackupService:performBackup:21] - Backup completed successfully.
2025-07-10 23:28:30.001 [ThreadPoolTaskScheduler-3] INFO  [com.uca.idhuca.sistema.indicadores.services.IBackupService:performBackup:14] - Starting backup process...
2025-07-10 23:28:30.005 [ThreadPoolTaskScheduler-3] INFO  [com.uca.idhuca.sistema.indicadores.services.IBackupService:performBackup:21] - Backup completed successfully.
2025-07-10 23:29:00.001 [ThreadPoolTaskScheduler-3] INFO  [com.uca.idhuca.sistema.indicadores.services.IBackupService:performBackup:14] - Starting backup process...
2025-07-10 23:29:00.006 [ThreadPoolTaskScheduler-3] INFO  [com.uca.idhuca.sistema.indicadores.services.IBackupService:performBackup:21] - Backup completed successfully.
2025-07-10 23:29:30.001 [ThreadPoolTaskScheduler-3] INFO  [com.uca.idhuca.sistema.indicadores.services.IBackupService:performBackup:14] - Starting backup process...
2025-07-10 23:29:30.005 [ThreadPoolTaskScheduler-3] INFO  [com.uca.idhuca.sistema.indicadores.services.IBackupService:performBackup:21] - Backup completed successfully.
2025-07-10 23:30:00.001 [ThreadPoolTaskScheduler-2] INFO  [com.uca.idhuca.sistema.indicadores.services.IBackupService:performBackup:14] - Starting backup process...
2025-07-10 23:30:00.007 [ThreadPoolTaskScheduler-2] INFO  [com.uca.idhuca.sistema.indicadores.services.IBackupService:performBackup:21] - Backup completed successfully.
2025-07-10 23:30:30.001 [ThreadPoolTaskScheduler-2] INFO  [com.uca.idhuca.sistema.indicadores.services.IBackupService:performBackup:14] - Starting backup process...
2025-07-10 23:30:30.004 [ThreadPoolTaskScheduler-2] INFO  [com.uca.idhuca.sistema.indicadores.services.IBackupService:performBackup:21] - Backup completed successfully.
2025-07-10 23:31:00.001 [ThreadPoolTaskScheduler-2] INFO  [com.uca.idhuca.sistema.indicadores.services.IBackupService:performBackup:14] - Starting backup process...
2025-07-10 23:31:00.005 [ThreadPoolTaskScheduler-2] INFO  [com.uca.idhuca.sistema.indicadores.services.IBackupService:performBackup:21] - Backup completed successfully.
2025-07-10 23:31:30.000 [ThreadPoolTaskScheduler-2] INFO  [com.uca.idhuca.sistema.indicadores.services.IBackupService:performBackup:14] - Starting backup process...
2025-07-10 23:31:30.003 [ThreadPoolTaskScheduler-2] INFO  [com.uca.idhuca.sistema.indicadores.services.IBackupService:performBackup:21] - Backup completed successfully.
2025-07-10 23:32:00.000 [ThreadPoolTaskScheduler-3] INFO  [com.uca.idhuca.sistema.indicadores.services.IBackupService:performBackup:14] - Starting backup process...
2025-07-10 23:32:00.005 [ThreadPoolTaskScheduler-3] INFO  [com.uca.idhuca.sistema.indicadores.services.IBackupService:performBackup:21] - Backup completed successfully.
2025-07-10 23:32:30.001 [ThreadPoolTaskScheduler-1] INFO  [com.uca.idhuca.sistema.indicadores.services.IBackupService:performBackup:14] - Starting backup process...
2025-07-10 23:32:30.004 [ThreadPoolTaskScheduler-1] INFO  [com.uca.idhuca.sistema.indicadores.services.IBackupService:performBackup:21] - Backup completed successfully.
2025-07-10 23:33:00.001 [ThreadPoolTaskScheduler-1] INFO  [com.uca.idhuca.sistema.indicadores.services.IBackupService:performBackup:14] - Starting backup process...
2025-07-10 23:33:00.005 [ThreadPoolTaskScheduler-1] INFO  [com.uca.idhuca.sistema.indicadores.services.IBackupService:performBackup:21] - Backup completed successfully.
2025-07-10 23:33:30.002 [ThreadPoolTaskScheduler-5] INFO  [com.uca.idhuca.sistema.indicadores.services.IBackupService:performBackup:14] - Starting backup process...
2025-07-10 23:33:30.007 [ThreadPoolTaskScheduler-5] INFO  [com.uca.idhuca.sistema.indicadores.services.IBackupService:performBackup:21] - Backup completed successfully.
2025-07-10 23:34:00.001 [ThreadPoolTaskScheduler-2] INFO  [com.uca.idhuca.sistema.indicadores.services.IBackupService:performBackup:14] - Starting backup process...
2025-07-10 23:34:00.006 [ThreadPoolTaskScheduler-2] INFO  [com.uca.idhuca.sistema.indicadores.services.IBackupService:performBackup:21] - Backup completed successfully.
2025-07-10 23:34:30.001 [ThreadPoolTaskScheduler-2] INFO  [com.uca.idhuca.sistema.indicadores.services.IBackupService:performBackup:14] - Starting backup process...
2025-07-10 23:34:30.005 [ThreadPoolTaskScheduler-2] INFO  [com.uca.idhuca.sistema.indicadores.services.IBackupService:performBackup:21] - Backup completed successfully.
2025-07-10 23:35:00.002 [ThreadPoolTaskScheduler-2] INFO  [com.uca.idhuca.sistema.indicadores.services.IBackupService:performBackup:14] - Starting backup process...
2025-07-10 23:35:00.006 [ThreadPoolTaskScheduler-2] INFO  [com.uca.idhuca.sistema.indicadores.services.IBackupService:performBackup:21] - Backup completed successfully.
2025-07-10 23:35:30.000 [ThreadPoolTaskScheduler-1] INFO  [com.uca.idhuca.sistema.indicadores.services.IBackupService:performBackup:14] - Starting backup process...
2025-07-10 23:35:30.004 [ThreadPoolTaskScheduler-1] INFO  [com.uca.idhuca.sistema.indicadores.services.IBackupService:performBackup:21] - Backup completed successfully.
2025-07-10 23:36:00.001 [ThreadPoolTaskScheduler-1] INFO  [com.uca.idhuca.sistema.indicadores.services.IBackupService:performBackup:14] - Starting backup process...
2025-07-10 23:36:00.008 [ThreadPoolTaskScheduler-1] INFO  [com.uca.idhuca.sistema.indicadores.services.IBackupService:performBackup:21] - Backup completed successfully.
2025-07-10 23:36:30.000 [ThreadPoolTaskScheduler-3] INFO  [com.uca.idhuca.sistema.indicadores.services.IBackupService:performBackup:14] - Starting backup process...
2025-07-10 23:36:30.007 [ThreadPoolTaskScheduler-3] INFO  [com.uca.idhuca.sistema.indicadores.services.IBackupService:performBackup:21] - Backup completed successfully.
2025-07-10 23:37:00.000 [ThreadPoolTaskScheduler-4] INFO  [com.uca.idhuca.sistema.indicadores.services.IBackupService:performBackup:14] - Starting backup process...
2025-07-10 23:37:00.004 [ThreadPoolTaskScheduler-4] INFO  [com.uca.idhuca.sistema.indicadores.services.IBackupService:performBackup:21] - Backup completed successfully.
2025-07-10 23:37:30.000 [ThreadPoolTaskScheduler-2] INFO  [com.uca.idhuca.sistema.indicadores.services.IBackupService:performBackup:14] - Starting backup process...
2025-07-10 23:37:30.010 [ThreadPoolTaskScheduler-2] INFO  [com.uca.idhuca.sistema.indicadores.services.IBackupService:performBackup:21] - Backup completed successfully.
2025-07-10 23:38:00.001 [ThreadPoolTaskScheduler-5] INFO  [com.uca.idhuca.sistema.indicadores.services.IBackupService:performBackup:14] - Starting backup process...
2025-07-10 23:38:00.005 [ThreadPoolTaskScheduler-5] INFO  [com.uca.idhuca.sistema.indicadores.services.IBackupService:performBackup:21] - Backup completed successfully.
2025-07-10 23:38:30.000 [ThreadPoolTaskScheduler-5] INFO  [com.uca.idhuca.sistema.indicadores.services.IBackupService:performBackup:14] - Starting backup process...
2025-07-10 23:38:30.005 [ThreadPoolTaskScheduler-5] INFO  [com.uca.idhuca.sistema.indicadores.services.IBackupService:performBackup:21] - Backup completed successfully.
2025-07-10 23:39:00.001 [ThreadPoolTaskScheduler-3] INFO  [com.uca.idhuca.sistema.indicadores.services.IBackupService:performBackup:14] - Starting backup process...
2025-07-10 23:39:00.006 [ThreadPoolTaskScheduler-3] INFO  [com.uca.idhuca.sistema.indicadores.services.IBackupService:performBackup:21] - Backup completed successfully.
2025-07-10 23:39:30.000 [ThreadPoolTaskScheduler-4] INFO  [com.uca.idhuca.sistema.indicadores.services.IBackupService:performBackup:14] - Starting backup process...
2025-07-10 23:39:30.004 [ThreadPoolTaskScheduler-4] INFO  [com.uca.idhuca.sistema.indicadores.services.IBackupService:performBackup:21] - Backup completed successfully.
2025-07-10 23:40:00.000 [ThreadPoolTaskScheduler-4] INFO  [com.uca.idhuca.sistema.indicadores.services.IBackupService:performBackup:14] - Starting backup process...
2025-07-10 23:40:00.007 [ThreadPoolTaskScheduler-4] INFO  [com.uca.idhuca.sistema.indicadores.services.IBackupService:performBackup:21] - Backup completed successfully.
2025-07-10 23:40:30.001 [ThreadPoolTaskScheduler-4] INFO  [com.uca.idhuca.sistema.indicadores.services.IBackupService:performBackup:14] - Starting backup process...
2025-07-10 23:40:30.008 [ThreadPoolTaskScheduler-4] INFO  [com.uca.idhuca.sistema.indicadores.services.IBackupService:performBackup:21] - Backup completed successfully.
2025-07-10 23:41:00.000 [ThreadPoolTaskScheduler-5] INFO  [com.uca.idhuca.sistema.indicadores.services.IBackupService:performBackup:14] - Starting backup process...
2025-07-10 23:41:00.004 [ThreadPoolTaskScheduler-5] INFO  [com.uca.idhuca.sistema.indicadores.services.IBackupService:performBackup:21] - Backup completed successfully.
2025-07-10 23:41:30.001 [ThreadPoolTaskScheduler-3] INFO  [com.uca.idhuca.sistema.indicadores.services.IBackupService:performBackup:14] - Starting backup process...
2025-07-10 23:41:30.008 [ThreadPoolTaskScheduler-3] INFO  [com.uca.idhuca.sistema.indicadores.services.IBackupService:performBackup:21] - Backup completed successfully.
2025-07-10 23:42:00.001 [ThreadPoolTaskScheduler-3] INFO  [com.uca.idhuca.sistema.indicadores.services.IBackupService:performBackup:14] - Starting backup process...
2025-07-10 23:42:00.004 [ThreadPoolTaskScheduler-3] INFO  [com.uca.idhuca.sistema.indicadores.services.IBackupService:performBackup:21] - Backup completed successfully.
2025-07-10 23:42:30.000 [ThreadPoolTaskScheduler-3] INFO  [com.uca.idhuca.sistema.indicadores.services.IBackupService:performBackup:14] - Starting backup process...
2025-07-10 23:42:30.003 [ThreadPoolTaskScheduler-3] INFO  [com.uca.idhuca.sistema.indicadores.services.IBackupService:performBackup:21] - Backup completed successfully.
2025-07-10 23:43:00.001 [ThreadPoolTaskScheduler-3] INFO  [com.uca.idhuca.sistema.indicadores.services.IBackupService:performBackup:14] - Starting backup process...
2025-07-10 23:43:00.004 [ThreadPoolTaskScheduler-3] INFO  [com.uca.idhuca.sistema.indicadores.services.IBackupService:performBackup:21] - Backup completed successfully.
2025-07-10 23:43:30.000 [ThreadPoolTaskScheduler-5] INFO  [com.uca.idhuca.sistema.indicadores.services.IBackupService:performBackup:14] - Starting backup process...
2025-07-10 23:43:30.003 [ThreadPoolTaskScheduler-5] INFO  [com.uca.idhuca.sistema.indicadores.services.IBackupService:performBackup:21] - Backup completed successfully.
2025-07-10 23:44:00.001 [ThreadPoolTaskScheduler-5] INFO  [com.uca.idhuca.sistema.indicadores.services.IBackupService:performBackup:14] - Starting backup process...
2025-07-10 23:44:00.005 [ThreadPoolTaskScheduler-5] INFO  [com.uca.idhuca.sistema.indicadores.services.IBackupService:performBackup:21] - Backup completed successfully.
