2025-07-20 23:25:03.692 [main] INFO  [org.springframework.boot.StartupInfoLogger:logStarting:53] - Starting SistemaIndicadoresIdhucaApplication using Java 24.0.1 with PID 7448 (D:\Tesis_2025\BACKEND\SistemaIndicadoresIDHUCA\server\SistemaIndicadoresIDHUCA\target\classes started by Andrea in D:\Tesis_2025\BACKEND\SistemaIndicadoresIDHUCA\server\SistemaIndicadoresIDHUCA)
2025-07-20 23:25:03.696 [main] DEBUG [org.springframework.boot.StartupInfoLogger:logStarting:54] - Running with Spring Boot v3.4.4, Spring v6.2.5
2025-07-20 23:25:03.698 [main] INFO  [org.springframework.boot.SpringApplication:logStartupProfileInfo:658] - The following 1 profile is active: "dev"
2025-07-20 23:25:05.160 [main] INFO  [org.springframework.data.repository.config.RepositoryConfigurationDelegate:registerRepositoriesIn:143] - Bootstrapping Spring Data JPA repositories in DEFAULT mode.
2025-07-20 23:25:05.320 [main] INFO  [org.springframework.data.repository.config.RepositoryConfigurationDelegate:registerRepositoriesIn:211] - Finished Spring Data repository scanning in 143 ms. Found 9 JPA repository interfaces.
2025-07-20 23:25:06.576 [main] INFO  [org.springframework.boot.web.embedded.tomcat.TomcatWebServer:initialize:111] - Tomcat initialized with port 8080 (http)
2025-07-20 23:25:06.596 [main] INFO  [org.apache.juli.logging.DirectJDKLog:log:173] - Initializing ProtocolHandler ["http-nio-8080"]
2025-07-20 23:25:06.599 [main] INFO  [org.apache.juli.logging.DirectJDKLog:log:173] - Starting service [Tomcat]
2025-07-20 23:25:06.600 [main] INFO  [org.apache.juli.logging.DirectJDKLog:log:173] - Starting Servlet engine: [Apache Tomcat/10.1.39]
2025-07-20 23:25:06.855 [main] INFO  [org.apache.juli.logging.DirectJDKLog:log:173] - At least one JAR was scanned for TLDs yet contained no TLDs. Enable debug logging for this logger for a complete list of JARs that were scanned but no TLDs were found in them. Skipping unneeded JARs during scanning can improve startup time and JSP compilation time.
2025-07-20 23:25:06.864 [main] INFO  [org.apache.juli.logging.DirectJDKLog:log:173] - Initializing Spring embedded WebApplicationContext
2025-07-20 23:25:06.865 [main] INFO  [org.springframework.boot.web.servlet.context.ServletWebServerApplicationContext:prepareWebApplicationContext:301] - Root WebApplicationContext: initialization completed in 3094 ms
2025-07-20 23:25:07.296 [main] INFO  [org.hibernate.jpa.internal.util.LogHelper:logPersistenceUnitInformation:31] - HHH000204: Processing PersistenceUnitInfo [name: default]
2025-07-20 23:25:07.384 [main] INFO  [org.hibernate.Version:logVersion:44] - HHH000412: Hibernate ORM core version 6.6.11.Final
2025-07-20 23:25:07.444 [main] INFO  [org.hibernate.cache.internal.RegionFactoryInitiator:initiateService:50] - HHH000026: Second-level cache disabled
2025-07-20 23:25:07.882 [main] INFO  [org.springframework.orm.jpa.persistenceunit.SpringPersistenceUnitInfo:addTransformer:87] - No LoadTimeWeaver setup: ignoring JPA class transformer
2025-07-20 23:25:07.922 [main] INFO  [com.zaxxer.hikari.HikariDataSource:getConnection:109] - HikariPool-1 - Starting...
2025-07-20 23:25:08.191 [main] INFO  [com.zaxxer.hikari.pool.HikariPool:checkFailFast:554] - HikariPool-1 - Added connection org.postgresql.jdbc.PgConnection@3e2578ea
2025-07-20 23:25:08.194 [main] INFO  [com.zaxxer.hikari.HikariDataSource:getConnection:122] - HikariPool-1 - Start completed.
2025-07-20 23:25:08.306 [main] INFO  [org.hibernate.engine.jdbc.env.internal.JdbcEnvironmentInitiator:initiateService:157] - HHH10001005: Database info:
	Database JDBC URL [Connecting through datasource 'HikariDataSource (HikariPool-1)']
	Database driver: undefined/unknown
	Database version: 17.5
	Autocommit mode: undefined/unknown
	Isolation level: undefined/unknown
	Minimum pool size: undefined/unknown
	Maximum pool size: undefined/unknown
2025-07-20 23:25:10.088 [main] INFO  [org.hibernate.engine.transaction.jta.platform.internal.JtaPlatformInitiator:initiateService:59] - HHH000489: No JTA platform available (set 'hibernate.transaction.jta.platform' to enable JTA platform integration)
2025-07-20 23:25:11.780 [main] INFO  [org.springframework.orm.jpa.AbstractEntityManagerFactoryBean:buildNativeEntityManagerFactory:447] - Initialized JPA EntityManagerFactory for persistence unit 'default'
2025-07-20 23:25:12.539 [main] INFO  [org.springframework.data.jpa.repository.query.QueryEnhancerFactory:<clinit>:49] - Hibernate is in classpath; If applicable, HQL parser will be used.
2025-07-20 23:25:13.062 [main] DEBUG [org.springframework.web.filter.GenericFilterBean:init:240] - Filter 'jwtAuthenticationFilter' configured for use
2025-07-20 23:25:13.066 [main] DEBUG [org.springframework.web.filter.GenericFilterBean:init:240] - Filter 'requestFilter' configured for use
2025-07-20 23:25:13.118 [main] INFO  [com.uca.idhuca.sistema.indicadores.services.impl.IConfigurableBackupService:getPgDumpCommand:100] - Usando pg_dump desde ruta personalizada: C:\Program Files\PostgreSQL\17\bin\pg_dump.exe
2025-07-20 23:25:13.899 [main] INFO  [com.uca.idhuca.sistema.indicadores.services.impl.IConfigurableBackupService:validatePgDump:71] - pg_dump encontrado y funcional: C:\Program Files\PostgreSQL\17\bin\pg_dump.exe
2025-07-20 23:25:15.045 [main] WARN  [org.springframework.boot.autoconfigure.orm.jpa.JpaBaseConfiguration$JpaWebConfiguration:openEntityManagerInViewInterceptor:258] - spring.jpa.open-in-view is enabled by default. Therefore, database queries may be performed during view rendering. Explicitly configure spring.jpa.open-in-view to disable this warning
2025-07-20 23:25:15.186 [main] INFO  [org.springframework.security.config.annotation.authentication.configuration.InitializeUserDetailsBeanManagerConfigurer$InitializeUserDetailsManagerConfigurer:configure:114] - Global AuthenticationManager configured with UserDetailsService bean with name userDetailsServiceImpl
2025-07-20 23:25:15.357 [main] WARN  [org.springframework.security.config.annotation.web.AbstractRequestMatcherRegistry:requestMatchers:203] - One of the patterns in [idhuca-indicadores/api/srv/test/**, idhuca-indicadores/api/srv/auth/**] is missing a leading slash. This is discouraged; please include the leading slash in all your request matcher patterns. In future versions of Spring Security, leaving out the leading slash will result in an exception.
2025-07-20 23:25:15.918 [main] INFO  [org.springframework.boot.actuate.endpoint.web.EndpointLinksResolver:<init>:60] - Exposing 1 endpoint beneath base path '/actuator'
2025-07-20 23:25:15.954 [main] WARN  [org.springframework.security.config.annotation.web.AbstractRequestMatcherRegistry:requestMatchers:203] - One of the patterns in [idhuca-indicadores/api/srv/user/**, idhuca-indicadores/api/srv/auditoria/**, idhuca-indicadores/api/srv/fichaDerecho/**] is missing a leading slash. This is discouraged; please include the leading slash in all your request matcher patterns. In future versions of Spring Security, leaving out the leading slash will result in an exception.
2025-07-20 23:25:15.965 [main] WARN  [org.springframework.security.config.annotation.web.AbstractRequestMatcherRegistry:requestMatchers:203] - One of the patterns in [idhuca-indicadores/api/srv/user/**, idhuca-indicadores/api/srv/auditoria/**, idhuca-indicadores/api/srv/fichaDerecho/**] is missing a leading slash. This is discouraged; please include the leading slash in all your request matcher patterns. In future versions of Spring Security, leaving out the leading slash will result in an exception.
2025-07-20 23:25:16.720 [main] INFO  [org.apache.juli.logging.DirectJDKLog:log:173] - Starting ProtocolHandler ["http-nio-8080"]
2025-07-20 23:25:16.772 [main] INFO  [org.springframework.boot.web.embedded.tomcat.TomcatWebServer:start:243] - Tomcat started on port 8080 (http) with context path '/'
2025-07-20 23:25:16.804 [main] INFO  [org.springframework.boot.StartupInfoLogger:logStarted:59] - Started SistemaIndicadoresIdhucaApplication in 13.987 seconds (process running for 14.524)
2025-07-20 23:26:15.937 [http-nio-8080-exec-1] INFO  [org.apache.juli.logging.DirectJDKLog:log:173] - Initializing Spring DispatcherServlet 'dispatcherServlet'
2025-07-20 23:26:15.938 [http-nio-8080-exec-1] INFO  [org.springframework.web.servlet.FrameworkServlet:initServletBean:532] - Initializing Servlet 'dispatcherServlet'
2025-07-20 23:26:15.941 [http-nio-8080-exec-1] INFO  [org.springframework.web.servlet.FrameworkServlet:initServletBean:554] - Completed initialization in 1 ms
2025-07-20 23:26:16.022 [http-nio-8080-exec-2] INFO  [com.uca.idhuca.sistema.indicadores.security.RequestFilter:doFilterInternal:33] - ===========================================================================
2025-07-20 23:26:16.023 [http-nio-8080-exec-2] INFO  [com.uca.idhuca.sistema.indicadores.security.RequestFilter:doFilterInternal:34] - =========================== [Petición Entrante] ==========================
2025-07-20 23:26:16.024 [http-nio-8080-exec-2] INFO  [com.uca.idhuca.sistema.indicadores.security.RequestFilter:doFilterInternal:35] - Método: POST
2025-07-20 23:26:16.025 [http-nio-8080-exec-2] INFO  [com.uca.idhuca.sistema.indicadores.security.RequestFilter:doFilterInternal:36] - Endpoint: /idhuca-indicadores/api/srv/auth/login
2025-07-20 23:26:16.025 [http-nio-8080-exec-2] INFO  [com.uca.idhuca.sistema.indicadores.security.RequestFilter:doFilterInternal:37] - IP: 0:0:0:0:0:0:0:1
2025-07-20 23:26:16.026 [http-nio-8080-exec-2] INFO  [com.uca.idhuca.sistema.indicadores.security.RequestFilter:doFilterInternal:38] - User-Agent: Mozilla/5.0 (Windows NT 10.0; Win64; x64) AppleWebKit/537.36 (KHTML, like Gecko) Chrome/138.0.0.0 Safari/537.36 Edg/138.0.0.0
2025-07-20 23:26:16.026 [http-nio-8080-exec-2] INFO  [com.uca.idhuca.sistema.indicadores.security.RequestFilter:doFilterInternal:39] - JWT: No JWT
2025-07-20 23:26:16.143 [http-nio-8080-exec-2] INFO  [com.uca.idhuca.sistema.indicadores.controllers.CtrlAuth:login:48] - [00366519@uca.edu.sv] ------ Inicio de servicio 'test/testConnection' {"email":"00366519@uca.edu.sv","password":"AMRA0909_2000"}
2025-07-20 23:26:16.145 [http-nio-8080-exec-2] INFO  [com.uca.idhuca.sistema.indicadores.services.impl.AuthImpl:login:47] - [00366519@uca.edu.sv] Request válido
2025-07-20 23:26:16.336 [http-nio-8080-exec-2] INFO  [com.uca.idhuca.sistema.indicadores.services.impl.AuthImpl:login:53] - [00366519@uca.edu.sv] Usuario encontrado correctamente: Usuario(id=1, nombre=Andrea Amaya, email=00366519@uca.edu.sv, contrasenaHash=$2a$10$uBi3Br8k/bl30Giw0buKY.SwXt8JyXIaN0rOsD0Yer3bJ4esq1biq, rol=Catalogo(codigo=ROL_1, descripcion=admin), activo=false, creadoEn=2025-06-14 19:47:22.036127, esPasswordProvisional=false)
2025-07-20 23:26:16.443 [http-nio-8080-exec-2] INFO  [com.uca.idhuca.sistema.indicadores.services.impl.AuthImpl:login:56] - [00366519@uca.edu.sv] Autenticación correcta.
2025-07-20 23:26:16.444 [http-nio-8080-exec-2] INFO  [com.uca.idhuca.sistema.indicadores.services.impl.ParametrosSistemaImpl:getOne:102] - [SYSTEM] Request válido
2025-07-20 23:26:17.097 [http-nio-8080-exec-2] INFO  [com.uca.idhuca.sistema.indicadores.services.impl.AuthImpl:login:59] - [00366519@uca.edu.sv] JWT generado: eyJhbGciOiJIUzUxMiJ9.eyJzdWIiOiIwMDM2NjUxOUB1Y2EuZWR1LnN2IiwiaWF0IjoxNzUzMDc1NTc3LCJleHAiOjMxMjc5MzA3NTU3N30.57ihMXGkO5DuhrkhYgP0efrkq3zCk2P_FrtYs1YsYrUiERX8oZD6kTdGsS2eRAcFER-Jbty-pz5E-4XE2gvLAQ
2025-07-20 23:26:17.100 [http-nio-8080-exec-2] INFO  [com.uca.idhuca.sistema.indicadores.controllers.CtrlAuth:login:59] - [00366519@uca.edu.sv] ------ Fin de servicio 'test/testConnection'
2025-07-20 23:26:17.122 [http-nio-8080-exec-2] INFO  [com.uca.idhuca.sistema.indicadores.security.RequestFilter:doFilterInternal:43] - ============================== [Respuesta] ===============================
2025-07-20 23:26:17.123 [http-nio-8080-exec-2] INFO  [com.uca.idhuca.sistema.indicadores.security.RequestFilter:doFilterInternal:44] - Status: 200
2025-07-20 23:26:17.123 [http-nio-8080-exec-2] INFO  [com.uca.idhuca.sistema.indicadores.security.RequestFilter:doFilterInternal:50] - Body de la respuesta: {"codigo":0,"mensaje":"¡Éxito!","entity":{"jwt":"eyJhbGciOiJIUzUxMiJ9.eyJzdWIiOiIwMDM2NjUxOUB1Y2EuZWR1LnN2IiwiaWF0IjoxNzUzMDc1NTc3LCJleHAiOjMxMjc5MzA3NTU3N30.57ihMXGkO5DuhrkhYgP0efrkq3zCk2P_FrtYs1YsYrUiERX8oZD6kTdGsS2eRAcFER-Jbty-pz5E-4XE2gvLAQ"},"paginacionInfo":null}
2025-07-20 23:26:17.124 [http-nio-8080-exec-2] INFO  [com.uca.idhuca.sistema.indicadores.security.RequestFilter:doFilterInternal:56] - ===========================================================================
2025-07-20 23:26:17.277 [http-nio-8080-exec-5] INFO  [com.uca.idhuca.sistema.indicadores.security.RequestFilter:doFilterInternal:33] - ===========================================================================
2025-07-20 23:26:17.278 [http-nio-8080-exec-5] INFO  [com.uca.idhuca.sistema.indicadores.security.RequestFilter:doFilterInternal:34] - =========================== [Petición Entrante] ==========================
2025-07-20 23:26:17.279 [http-nio-8080-exec-5] INFO  [com.uca.idhuca.sistema.indicadores.security.RequestFilter:doFilterInternal:35] - Método: POST
2025-07-20 23:26:17.280 [http-nio-8080-exec-5] INFO  [com.uca.idhuca.sistema.indicadores.security.RequestFilter:doFilterInternal:36] - Endpoint: /idhuca-indicadores/api/srv/parametros/sistema/getOne
2025-07-20 23:26:17.281 [http-nio-8080-exec-6] INFO  [com.uca.idhuca.sistema.indicadores.security.RequestFilter:doFilterInternal:33] - ===========================================================================
2025-07-20 23:26:17.281 [http-nio-8080-exec-5] INFO  [com.uca.idhuca.sistema.indicadores.security.RequestFilter:doFilterInternal:37] - IP: 0:0:0:0:0:0:0:1
2025-07-20 23:26:17.281 [http-nio-8080-exec-6] INFO  [com.uca.idhuca.sistema.indicadores.security.RequestFilter:doFilterInternal:34] - =========================== [Petición Entrante] ==========================
2025-07-20 23:26:17.282 [http-nio-8080-exec-5] INFO  [com.uca.idhuca.sistema.indicadores.security.RequestFilter:doFilterInternal:38] - User-Agent: Mozilla/5.0 (Windows NT 10.0; Win64; x64) AppleWebKit/537.36 (KHTML, like Gecko) Chrome/138.0.0.0 Safari/537.36 Edg/138.0.0.0
2025-07-20 23:26:17.282 [http-nio-8080-exec-6] INFO  [com.uca.idhuca.sistema.indicadores.security.RequestFilter:doFilterInternal:35] - Método: POST
2025-07-20 23:26:17.282 [http-nio-8080-exec-5] INFO  [com.uca.idhuca.sistema.indicadores.security.RequestFilter:doFilterInternal:39] - JWT: Bearer eyJhbGciOiJIUzUxMiJ9.eyJzdWIiOiIwMDM2NjUxOUB1Y2EuZWR1LnN2IiwiaWF0IjoxNzUzMDc1NTc3LCJleHAiOjMxMjc5MzA3NTU3N30.57ihMXGkO5DuhrkhYgP0efrkq3zCk2P_FrtYs1YsYrUiERX8oZD6kTdGsS2eRAcFER-Jbty-pz5E-4XE2gvLAQ
2025-07-20 23:26:17.282 [http-nio-8080-exec-6] INFO  [com.uca.idhuca.sistema.indicadores.security.RequestFilter:doFilterInternal:36] - Endpoint: /idhuca-indicadores/api/srv/users/get/current
2025-07-20 23:26:17.322 [http-nio-8080-exec-6] INFO  [com.uca.idhuca.sistema.indicadores.security.RequestFilter:doFilterInternal:37] - IP: 0:0:0:0:0:0:0:1
2025-07-20 23:26:17.322 [http-nio-8080-exec-6] INFO  [com.uca.idhuca.sistema.indicadores.security.RequestFilter:doFilterInternal:38] - User-Agent: Mozilla/5.0 (Windows NT 10.0; Win64; x64) AppleWebKit/537.36 (KHTML, like Gecko) Chrome/138.0.0.0 Safari/537.36 Edg/138.0.0.0
2025-07-20 23:26:17.323 [http-nio-8080-exec-6] INFO  [com.uca.idhuca.sistema.indicadores.security.RequestFilter:doFilterInternal:39] - JWT: Bearer eyJhbGciOiJIUzUxMiJ9.eyJzdWIiOiIwMDM2NjUxOUB1Y2EuZWR1LnN2IiwiaWF0IjoxNzUzMDc1NTc3LCJleHAiOjMxMjc5MzA3NTU3N30.57ihMXGkO5DuhrkhYgP0efrkq3zCk2P_FrtYs1YsYrUiERX8oZD6kTdGsS2eRAcFER-Jbty-pz5E-4XE2gvLAQ
2025-07-20 23:26:17.332 [http-nio-8080-exec-5] INFO  [com.uca.idhuca.sistema.indicadores.controllers.CtrlParametrosSistema:getOne:72] - [00366519@uca.edu.sv] ------ Inicio de servicio '/getOne' con clave: max_tiempo_inactividad
2025-07-20 23:26:17.332 [http-nio-8080-exec-6] INFO  [com.uca.idhuca.sistema.indicadores.controllers.CtrlUsers:getCurrent:52] - [00366519@uca.edu.sv] ------ Inicio de servicio '/get/current/'
2025-07-20 23:26:17.334 [http-nio-8080-exec-6] INFO  [com.uca.idhuca.sistema.indicadores.controllers.CtrlUsers:getCurrent:60] - [00366519@uca.edu.sv] ------ Fin de servicio '/get/current/'
2025-07-20 23:26:17.334 [http-nio-8080-exec-5] INFO  [com.uca.idhuca.sistema.indicadores.services.impl.ParametrosSistemaImpl:getOne:102] - [SYSTEM] Request válido
2025-07-20 23:26:17.341 [http-nio-8080-exec-5] INFO  [com.uca.idhuca.sistema.indicadores.controllers.CtrlParametrosSistema:getOne:90] - [00366519@uca.edu.sv] ------ Fin de servicio '/getOne'
2025-07-20 23:26:17.344 [http-nio-8080-exec-5] INFO  [com.uca.idhuca.sistema.indicadores.security.RequestFilter:doFilterInternal:43] - ============================== [Respuesta] ===============================
2025-07-20 23:26:17.345 [http-nio-8080-exec-5] INFO  [com.uca.idhuca.sistema.indicadores.security.RequestFilter:doFilterInternal:44] - Status: 400
2025-07-20 23:26:17.345 [http-nio-8080-exec-5] INFO  [com.uca.idhuca.sistema.indicadores.security.RequestFilter:doFilterInternal:50] - Body de la respuesta: {"codigo":-1,"mensaje":"Parámetro con clave max_tiempo_inactividad no encontrado","entity":null,"paginacionInfo":null}
2025-07-20 23:26:17.346 [http-nio-8080-exec-5] INFO  [com.uca.idhuca.sistema.indicadores.security.RequestFilter:doFilterInternal:56] - ===========================================================================
2025-07-20 23:26:17.346 [http-nio-8080-exec-6] INFO  [com.uca.idhuca.sistema.indicadores.security.RequestFilter:doFilterInternal:43] - ============================== [Respuesta] ===============================
2025-07-20 23:26:17.347 [http-nio-8080-exec-6] INFO  [com.uca.idhuca.sistema.indicadores.security.RequestFilter:doFilterInternal:44] - Status: 200
2025-07-20 23:26:17.348 [http-nio-8080-exec-6] INFO  [com.uca.idhuca.sistema.indicadores.security.RequestFilter:doFilterInternal:50] - Body de la respuesta: {"codigo":0,"mensaje":"Data obtenida correctamente","entity":{"id":1,"nombre":"Andrea Amaya","email":"00366519@uca.edu.sv","rol":{"codigo":"ROL_1","descripcion":"admin"},"activo":false,"creadoEn":"2025-06-14 19:47:22","esPasswordProvisional":false},"paginacionInfo":null}
2025-07-20 23:26:17.348 [http-nio-8080-exec-6] INFO  [com.uca.idhuca.sistema.indicadores.security.RequestFilter:doFilterInternal:56] - ===========================================================================
2025-07-20 23:26:17.372 [http-nio-8080-exec-7] INFO  [com.uca.idhuca.sistema.indicadores.security.RequestFilter:doFilterInternal:33] - ===========================================================================
2025-07-20 23:26:17.373 [http-nio-8080-exec-7] INFO  [com.uca.idhuca.sistema.indicadores.security.RequestFilter:doFilterInternal:34] - =========================== [Petición Entrante] ==========================
2025-07-20 23:26:17.411 [http-nio-8080-exec-7] INFO  [com.uca.idhuca.sistema.indicadores.security.RequestFilter:doFilterInternal:35] - Método: POST
2025-07-20 23:26:17.412 [http-nio-8080-exec-7] INFO  [com.uca.idhuca.sistema.indicadores.security.RequestFilter:doFilterInternal:36] - Endpoint: /idhuca-indicadores/api/srv/users/get/current
2025-07-20 23:26:17.412 [http-nio-8080-exec-7] INFO  [com.uca.idhuca.sistema.indicadores.security.RequestFilter:doFilterInternal:37] - IP: 0:0:0:0:0:0:0:1
2025-07-20 23:26:17.413 [http-nio-8080-exec-7] INFO  [com.uca.idhuca.sistema.indicadores.security.RequestFilter:doFilterInternal:38] - User-Agent: Mozilla/5.0 (Windows NT 10.0; Win64; x64) AppleWebKit/537.36 (KHTML, like Gecko) Chrome/138.0.0.0 Safari/537.36 Edg/138.0.0.0
2025-07-20 23:26:17.414 [http-nio-8080-exec-7] INFO  [com.uca.idhuca.sistema.indicadores.security.RequestFilter:doFilterInternal:39] - JWT: Bearer eyJhbGciOiJIUzUxMiJ9.eyJzdWIiOiIwMDM2NjUxOUB1Y2EuZWR1LnN2IiwiaWF0IjoxNzUzMDc1NTc3LCJleHAiOjMxMjc5MzA3NTU3N30.57ihMXGkO5DuhrkhYgP0efrkq3zCk2P_FrtYs1YsYrUiERX8oZD6kTdGsS2eRAcFER-Jbty-pz5E-4XE2gvLAQ
2025-07-20 23:26:17.423 [http-nio-8080-exec-7] INFO  [com.uca.idhuca.sistema.indicadores.controllers.CtrlUsers:getCurrent:52] - [00366519@uca.edu.sv] ------ Inicio de servicio '/get/current/'
2025-07-20 23:26:17.423 [http-nio-8080-exec-7] INFO  [com.uca.idhuca.sistema.indicadores.controllers.CtrlUsers:getCurrent:60] - [00366519@uca.edu.sv] ------ Fin de servicio '/get/current/'
2025-07-20 23:26:17.425 [http-nio-8080-exec-7] INFO  [com.uca.idhuca.sistema.indicadores.security.RequestFilter:doFilterInternal:43] - ============================== [Respuesta] ===============================
2025-07-20 23:26:17.426 [http-nio-8080-exec-7] INFO  [com.uca.idhuca.sistema.indicadores.security.RequestFilter:doFilterInternal:44] - Status: 200
2025-07-20 23:26:17.426 [http-nio-8080-exec-7] INFO  [com.uca.idhuca.sistema.indicadores.security.RequestFilter:doFilterInternal:50] - Body de la respuesta: {"codigo":0,"mensaje":"Data obtenida correctamente","entity":{"id":1,"nombre":"Andrea Amaya","email":"00366519@uca.edu.sv","rol":{"codigo":"ROL_1","descripcion":"admin"},"activo":false,"creadoEn":"2025-06-14 19:47:22","esPasswordProvisional":false},"paginacionInfo":null}
2025-07-20 23:26:17.427 [http-nio-8080-exec-7] INFO  [com.uca.idhuca.sistema.indicadores.security.RequestFilter:doFilterInternal:56] - ===========================================================================
2025-07-20 23:26:43.536 [http-nio-8080-exec-10] INFO  [com.uca.idhuca.sistema.indicadores.security.RequestFilter:doFilterInternal:33] - ===========================================================================
2025-07-20 23:26:43.536 [http-nio-8080-exec-10] INFO  [com.uca.idhuca.sistema.indicadores.security.RequestFilter:doFilterInternal:34] - =========================== [Petición Entrante] ==========================
2025-07-20 23:26:43.537 [http-nio-8080-exec-10] INFO  [com.uca.idhuca.sistema.indicadores.security.RequestFilter:doFilterInternal:35] - Método: POST
2025-07-20 23:26:43.537 [http-nio-8080-exec-10] INFO  [com.uca.idhuca.sistema.indicadores.security.RequestFilter:doFilterInternal:36] - Endpoint: /idhuca-indicadores/api/srv/auth/login
2025-07-20 23:26:43.538 [http-nio-8080-exec-10] INFO  [com.uca.idhuca.sistema.indicadores.security.RequestFilter:doFilterInternal:37] - IP: 0:0:0:0:0:0:0:1
2025-07-20 23:26:43.538 [http-nio-8080-exec-10] INFO  [com.uca.idhuca.sistema.indicadores.security.RequestFilter:doFilterInternal:38] - User-Agent: Mozilla/5.0 (Windows NT 10.0; Win64; x64) AppleWebKit/537.36 (KHTML, like Gecko) Chrome/138.0.0.0 Safari/537.36 Edg/138.0.0.0
2025-07-20 23:26:43.539 [http-nio-8080-exec-10] INFO  [com.uca.idhuca.sistema.indicadores.security.RequestFilter:doFilterInternal:39] - JWT: No JWT
2025-07-20 23:26:43.541 [http-nio-8080-exec-10] INFO  [com.uca.idhuca.sistema.indicadores.controllers.CtrlAuth:login:48] - [00366519@uca.edu.sv] ------ Inicio de servicio 'test/testConnection' {"email":"00366519@uca.edu.sv","password":"AMRA0909_2000"}
2025-07-20 23:26:43.542 [http-nio-8080-exec-10] INFO  [com.uca.idhuca.sistema.indicadores.services.impl.AuthImpl:login:47] - [00366519@uca.edu.sv] Request válido
2025-07-20 23:26:43.554 [http-nio-8080-exec-10] INFO  [com.uca.idhuca.sistema.indicadores.services.impl.AuthImpl:login:53] - [00366519@uca.edu.sv] Usuario encontrado correctamente: Usuario(id=1, nombre=Andrea Amaya, email=00366519@uca.edu.sv, contrasenaHash=$2a$10$uBi3Br8k/bl30Giw0buKY.SwXt8JyXIaN0rOsD0Yer3bJ4esq1biq, rol=Catalogo(codigo=ROL_1, descripcion=admin), activo=false, creadoEn=2025-06-14 19:47:22.036127, esPasswordProvisional=false)
2025-07-20 23:26:43.650 [http-nio-8080-exec-10] INFO  [com.uca.idhuca.sistema.indicadores.services.impl.AuthImpl:login:56] - [00366519@uca.edu.sv] Autenticación correcta.
2025-07-20 23:26:43.651 [http-nio-8080-exec-10] INFO  [com.uca.idhuca.sistema.indicadores.services.impl.ParametrosSistemaImpl:getOne:102] - [SYSTEM] Request válido
2025-07-20 23:26:43.689 [http-nio-8080-exec-10] INFO  [com.uca.idhuca.sistema.indicadores.services.impl.AuthImpl:login:59] - [00366519@uca.edu.sv] JWT generado: eyJhbGciOiJIUzUxMiJ9.eyJzdWIiOiIwMDM2NjUxOUB1Y2EuZWR1LnN2IiwiaWF0IjoxNzUzMDc1NjAzLCJleHAiOjMxMjc5MzA3NTYwM30.MiYQy5p7ydFh5RSqKSRUp0bS3ge-Kntdhq2_Uh5W01xF3pM2U45tU7XBukZO42gcvdsM6vveRvJAcRjstl9myQ
2025-07-20 23:26:43.691 [http-nio-8080-exec-10] INFO  [com.uca.idhuca.sistema.indicadores.controllers.CtrlAuth:login:59] - [00366519@uca.edu.sv] ------ Fin de servicio 'test/testConnection'
2025-07-20 23:26:43.694 [http-nio-8080-exec-10] INFO  [com.uca.idhuca.sistema.indicadores.security.RequestFilter:doFilterInternal:43] - ============================== [Respuesta] ===============================
2025-07-20 23:26:43.696 [http-nio-8080-exec-10] INFO  [com.uca.idhuca.sistema.indicadores.security.RequestFilter:doFilterInternal:44] - Status: 200
2025-07-20 23:26:43.697 [http-nio-8080-exec-10] INFO  [com.uca.idhuca.sistema.indicadores.security.RequestFilter:doFilterInternal:50] - Body de la respuesta: {"codigo":0,"mensaje":"¡Éxito!","entity":{"jwt":"eyJhbGciOiJIUzUxMiJ9.eyJzdWIiOiIwMDM2NjUxOUB1Y2EuZWR1LnN2IiwiaWF0IjoxNzUzMDc1NjAzLCJleHAiOjMxMjc5MzA3NTYwM30.MiYQy5p7ydFh5RSqKSRUp0bS3ge-Kntdhq2_Uh5W01xF3pM2U45tU7XBukZO42gcvdsM6vveRvJAcRjstl9myQ"},"paginacionInfo":null}
2025-07-20 23:26:43.699 [http-nio-8080-exec-10] INFO  [com.uca.idhuca.sistema.indicadores.security.RequestFilter:doFilterInternal:56] - ===========================================================================
2025-07-20 23:26:43.731 [http-nio-8080-exec-4] INFO  [com.uca.idhuca.sistema.indicadores.security.RequestFilter:doFilterInternal:33] - ===========================================================================
2025-07-20 23:26:43.732 [http-nio-8080-exec-4] INFO  [com.uca.idhuca.sistema.indicadores.security.RequestFilter:doFilterInternal:34] - =========================== [Petición Entrante] ==========================
2025-07-20 23:26:43.734 [http-nio-8080-exec-3] INFO  [com.uca.idhuca.sistema.indicadores.security.RequestFilter:doFilterInternal:33] - ===========================================================================
2025-07-20 23:26:43.734 [http-nio-8080-exec-4] INFO  [com.uca.idhuca.sistema.indicadores.security.RequestFilter:doFilterInternal:35] - Método: POST
2025-07-20 23:26:43.734 [http-nio-8080-exec-3] INFO  [com.uca.idhuca.sistema.indicadores.security.RequestFilter:doFilterInternal:34] - =========================== [Petición Entrante] ==========================
2025-07-20 23:26:43.734 [http-nio-8080-exec-4] INFO  [com.uca.idhuca.sistema.indicadores.security.RequestFilter:doFilterInternal:36] - Endpoint: /idhuca-indicadores/api/srv/users/get/current
2025-07-20 23:26:43.735 [http-nio-8080-exec-3] INFO  [com.uca.idhuca.sistema.indicadores.security.RequestFilter:doFilterInternal:35] - Método: POST
2025-07-20 23:26:43.735 [http-nio-8080-exec-4] INFO  [com.uca.idhuca.sistema.indicadores.security.RequestFilter:doFilterInternal:37] - IP: 0:0:0:0:0:0:0:1
2025-07-20 23:26:43.735 [http-nio-8080-exec-3] INFO  [com.uca.idhuca.sistema.indicadores.security.RequestFilter:doFilterInternal:36] - Endpoint: /idhuca-indicadores/api/srv/parametros/sistema/getOne
2025-07-20 23:26:43.735 [http-nio-8080-exec-4] INFO  [com.uca.idhuca.sistema.indicadores.security.RequestFilter:doFilterInternal:38] - User-Agent: Mozilla/5.0 (Windows NT 10.0; Win64; x64) AppleWebKit/537.36 (KHTML, like Gecko) Chrome/138.0.0.0 Safari/537.36 Edg/138.0.0.0
2025-07-20 23:26:43.736 [http-nio-8080-exec-3] INFO  [com.uca.idhuca.sistema.indicadores.security.RequestFilter:doFilterInternal:37] - IP: 0:0:0:0:0:0:0:1
2025-07-20 23:26:43.736 [http-nio-8080-exec-4] INFO  [com.uca.idhuca.sistema.indicadores.security.RequestFilter:doFilterInternal:39] - JWT: Bearer eyJhbGciOiJIUzUxMiJ9.eyJzdWIiOiIwMDM2NjUxOUB1Y2EuZWR1LnN2IiwiaWF0IjoxNzUzMDc1NjAzLCJleHAiOjMxMjc5MzA3NTYwM30.MiYQy5p7ydFh5RSqKSRUp0bS3ge-Kntdhq2_Uh5W01xF3pM2U45tU7XBukZO42gcvdsM6vveRvJAcRjstl9myQ
2025-07-20 23:26:43.737 [http-nio-8080-exec-3] INFO  [com.uca.idhuca.sistema.indicadores.security.RequestFilter:doFilterInternal:38] - User-Agent: Mozilla/5.0 (Windows NT 10.0; Win64; x64) AppleWebKit/537.36 (KHTML, like Gecko) Chrome/138.0.0.0 Safari/537.36 Edg/138.0.0.0
2025-07-20 23:26:43.738 [http-nio-8080-exec-3] INFO  [com.uca.idhuca.sistema.indicadores.security.RequestFilter:doFilterInternal:39] - JWT: Bearer eyJhbGciOiJIUzUxMiJ9.eyJzdWIiOiIwMDM2NjUxOUB1Y2EuZWR1LnN2IiwiaWF0IjoxNzUzMDc1NjAzLCJleHAiOjMxMjc5MzA3NTYwM30.MiYQy5p7ydFh5RSqKSRUp0bS3ge-Kntdhq2_Uh5W01xF3pM2U45tU7XBukZO42gcvdsM6vveRvJAcRjstl9myQ
2025-07-20 23:26:43.747 [http-nio-8080-exec-4] INFO  [com.uca.idhuca.sistema.indicadores.controllers.CtrlUsers:getCurrent:52] - [00366519@uca.edu.sv] ------ Inicio de servicio '/get/current/'
2025-07-20 23:26:43.750 [http-nio-8080-exec-4] INFO  [com.uca.idhuca.sistema.indicadores.controllers.CtrlUsers:getCurrent:60] - [00366519@uca.edu.sv] ------ Fin de servicio '/get/current/'
2025-07-20 23:26:43.752 [http-nio-8080-exec-4] INFO  [com.uca.idhuca.sistema.indicadores.security.RequestFilter:doFilterInternal:43] - ============================== [Respuesta] ===============================
2025-07-20 23:26:43.753 [http-nio-8080-exec-4] INFO  [com.uca.idhuca.sistema.indicadores.security.RequestFilter:doFilterInternal:44] - Status: 200
2025-07-20 23:26:43.753 [http-nio-8080-exec-4] INFO  [com.uca.idhuca.sistema.indicadores.security.RequestFilter:doFilterInternal:50] - Body de la respuesta: {"codigo":0,"mensaje":"Data obtenida correctamente","entity":{"id":1,"nombre":"Andrea Amaya","email":"00366519@uca.edu.sv","rol":{"codigo":"ROL_1","descripcion":"admin"},"activo":false,"creadoEn":"2025-06-14 19:47:22","esPasswordProvisional":false},"paginacionInfo":null}
2025-07-20 23:26:43.753 [http-nio-8080-exec-3] INFO  [com.uca.idhuca.sistema.indicadores.controllers.CtrlParametrosSistema:getOne:72] - [00366519@uca.edu.sv] ------ Inicio de servicio '/getOne' con clave: max_tiempo_inactividad
2025-07-20 23:26:43.754 [http-nio-8080-exec-4] INFO  [com.uca.idhuca.sistema.indicadores.security.RequestFilter:doFilterInternal:56] - ===========================================================================
2025-07-20 23:26:43.754 [http-nio-8080-exec-3] INFO  [com.uca.idhuca.sistema.indicadores.services.impl.ParametrosSistemaImpl:getOne:102] - [SYSTEM] Request válido
2025-07-20 23:26:43.759 [http-nio-8080-exec-3] INFO  [com.uca.idhuca.sistema.indicadores.controllers.CtrlParametrosSistema:getOne:90] - [00366519@uca.edu.sv] ------ Fin de servicio '/getOne'
2025-07-20 23:26:43.760 [http-nio-8080-exec-3] INFO  [com.uca.idhuca.sistema.indicadores.security.RequestFilter:doFilterInternal:43] - ============================== [Respuesta] ===============================
2025-07-20 23:26:43.761 [http-nio-8080-exec-3] INFO  [com.uca.idhuca.sistema.indicadores.security.RequestFilter:doFilterInternal:44] - Status: 400
2025-07-20 23:26:43.761 [http-nio-8080-exec-3] INFO  [com.uca.idhuca.sistema.indicadores.security.RequestFilter:doFilterInternal:50] - Body de la respuesta: {"codigo":-1,"mensaje":"Parámetro con clave max_tiempo_inactividad no encontrado","entity":null,"paginacionInfo":null}
2025-07-20 23:26:43.762 [http-nio-8080-exec-3] INFO  [com.uca.idhuca.sistema.indicadores.security.RequestFilter:doFilterInternal:56] - ===========================================================================
2025-07-20 23:26:43.783 [http-nio-8080-exec-5] INFO  [com.uca.idhuca.sistema.indicadores.security.RequestFilter:doFilterInternal:33] - ===========================================================================
2025-07-20 23:26:43.784 [http-nio-8080-exec-5] INFO  [com.uca.idhuca.sistema.indicadores.security.RequestFilter:doFilterInternal:34] - =========================== [Petición Entrante] ==========================
2025-07-20 23:26:43.785 [http-nio-8080-exec-5] INFO  [com.uca.idhuca.sistema.indicadores.security.RequestFilter:doFilterInternal:35] - Método: POST
2025-07-20 23:26:43.785 [http-nio-8080-exec-5] INFO  [com.uca.idhuca.sistema.indicadores.security.RequestFilter:doFilterInternal:36] - Endpoint: /idhuca-indicadores/api/srv/users/get/current
2025-07-20 23:26:43.786 [http-nio-8080-exec-5] INFO  [com.uca.idhuca.sistema.indicadores.security.RequestFilter:doFilterInternal:37] - IP: 0:0:0:0:0:0:0:1
2025-07-20 23:26:43.786 [http-nio-8080-exec-5] INFO  [com.uca.idhuca.sistema.indicadores.security.RequestFilter:doFilterInternal:38] - User-Agent: Mozilla/5.0 (Windows NT 10.0; Win64; x64) AppleWebKit/537.36 (KHTML, like Gecko) Chrome/138.0.0.0 Safari/537.36 Edg/138.0.0.0
2025-07-20 23:26:43.787 [http-nio-8080-exec-5] INFO  [com.uca.idhuca.sistema.indicadores.security.RequestFilter:doFilterInternal:39] - JWT: Bearer eyJhbGciOiJIUzUxMiJ9.eyJzdWIiOiIwMDM2NjUxOUB1Y2EuZWR1LnN2IiwiaWF0IjoxNzUzMDc1NjAzLCJleHAiOjMxMjc5MzA3NTYwM30.MiYQy5p7ydFh5RSqKSRUp0bS3ge-Kntdhq2_Uh5W01xF3pM2U45tU7XBukZO42gcvdsM6vveRvJAcRjstl9myQ
2025-07-20 23:26:43.795 [http-nio-8080-exec-5] INFO  [com.uca.idhuca.sistema.indicadores.controllers.CtrlUsers:getCurrent:52] - [00366519@uca.edu.sv] ------ Inicio de servicio '/get/current/'
2025-07-20 23:26:43.796 [http-nio-8080-exec-5] INFO  [com.uca.idhuca.sistema.indicadores.controllers.CtrlUsers:getCurrent:60] - [00366519@uca.edu.sv] ------ Fin de servicio '/get/current/'
2025-07-20 23:26:43.799 [http-nio-8080-exec-5] INFO  [com.uca.idhuca.sistema.indicadores.security.RequestFilter:doFilterInternal:43] - ============================== [Respuesta] ===============================
2025-07-20 23:26:43.799 [http-nio-8080-exec-5] INFO  [com.uca.idhuca.sistema.indicadores.security.RequestFilter:doFilterInternal:44] - Status: 200
2025-07-20 23:26:43.800 [http-nio-8080-exec-5] INFO  [com.uca.idhuca.sistema.indicadores.security.RequestFilter:doFilterInternal:50] - Body de la respuesta: {"codigo":0,"mensaje":"Data obtenida correctamente","entity":{"id":1,"nombre":"Andrea Amaya","email":"00366519@uca.edu.sv","rol":{"codigo":"ROL_1","descripcion":"admin"},"activo":false,"creadoEn":"2025-06-14 19:47:22","esPasswordProvisional":false},"paginacionInfo":null}
2025-07-20 23:26:43.800 [http-nio-8080-exec-5] INFO  [com.uca.idhuca.sistema.indicadores.security.RequestFilter:doFilterInternal:56] - ===========================================================================
2025-07-20 23:27:38.771 [http-nio-8080-exec-8] INFO  [com.uca.idhuca.sistema.indicadores.security.RequestFilter:doFilterInternal:33] - ===========================================================================
2025-07-20 23:27:38.773 [http-nio-8080-exec-8] INFO  [com.uca.idhuca.sistema.indicadores.security.RequestFilter:doFilterInternal:34] - =========================== [Petición Entrante] ==========================
2025-07-20 23:27:38.773 [http-nio-8080-exec-8] INFO  [com.uca.idhuca.sistema.indicadores.security.RequestFilter:doFilterInternal:35] - Método: POST
2025-07-20 23:27:38.774 [http-nio-8080-exec-8] INFO  [com.uca.idhuca.sistema.indicadores.security.RequestFilter:doFilterInternal:36] - Endpoint: /idhuca-indicadores/api/srv/auth/login
2025-07-20 23:27:38.774 [http-nio-8080-exec-8] INFO  [com.uca.idhuca.sistema.indicadores.security.RequestFilter:doFilterInternal:37] - IP: 0:0:0:0:0:0:0:1
2025-07-20 23:27:38.775 [http-nio-8080-exec-8] INFO  [com.uca.idhuca.sistema.indicadores.security.RequestFilter:doFilterInternal:38] - User-Agent: Mozilla/5.0 (Windows NT 10.0; Win64; x64) AppleWebKit/537.36 (KHTML, like Gecko) Chrome/138.0.0.0 Safari/537.36 Edg/138.0.0.0
2025-07-20 23:27:38.776 [http-nio-8080-exec-8] INFO  [com.uca.idhuca.sistema.indicadores.security.RequestFilter:doFilterInternal:39] - JWT: No JWT
2025-07-20 23:27:38.779 [http-nio-8080-exec-8] INFO  [com.uca.idhuca.sistema.indicadores.controllers.CtrlAuth:login:48] - [00366519@uca.edu.sv] ------ Inicio de servicio 'test/testConnection' {"email":"00366519@uca.edu.sv","password":"AMRA0909_2000"}
2025-07-20 23:27:38.779 [http-nio-8080-exec-8] INFO  [com.uca.idhuca.sistema.indicadores.services.impl.AuthImpl:login:47] - [00366519@uca.edu.sv] Request válido
2025-07-20 23:27:38.793 [http-nio-8080-exec-8] INFO  [com.uca.idhuca.sistema.indicadores.services.impl.AuthImpl:login:53] - [00366519@uca.edu.sv] Usuario encontrado correctamente: Usuario(id=1, nombre=Andrea Amaya, email=00366519@uca.edu.sv, contrasenaHash=$2a$10$uBi3Br8k/bl30Giw0buKY.SwXt8JyXIaN0rOsD0Yer3bJ4esq1biq, rol=Catalogo(codigo=ROL_1, descripcion=admin), activo=false, creadoEn=2025-06-14 19:47:22.036127, esPasswordProvisional=false)
2025-07-20 23:27:38.897 [http-nio-8080-exec-8] INFO  [com.uca.idhuca.sistema.indicadores.services.impl.AuthImpl:login:56] - [00366519@uca.edu.sv] Autenticación correcta.
2025-07-20 23:27:38.898 [http-nio-8080-exec-8] INFO  [com.uca.idhuca.sistema.indicadores.services.impl.ParametrosSistemaImpl:getOne:102] - [SYSTEM] Request válido
2025-07-20 23:27:38.936 [http-nio-8080-exec-8] INFO  [com.uca.idhuca.sistema.indicadores.services.impl.AuthImpl:login:59] - [00366519@uca.edu.sv] JWT generado: eyJhbGciOiJIUzUxMiJ9.eyJzdWIiOiIwMDM2NjUxOUB1Y2EuZWR1LnN2IiwiaWF0IjoxNzUzMDc1NjU4LCJleHAiOjMxMjc5MzA3NTY1OH0.d_NvaLQz9NB7BxPjRSjEkjEh8JDBYuPPljsB9mmnNO4-wkNNw6AYGYT4snyCrC9pXccTa4j2tgF3E_B5eYLEZg
2025-07-20 23:27:38.937 [http-nio-8080-exec-8] INFO  [com.uca.idhuca.sistema.indicadores.controllers.CtrlAuth:login:59] - [00366519@uca.edu.sv] ------ Fin de servicio 'test/testConnection'
2025-07-20 23:27:38.941 [http-nio-8080-exec-8] INFO  [com.uca.idhuca.sistema.indicadores.security.RequestFilter:doFilterInternal:43] - ============================== [Respuesta] ===============================
2025-07-20 23:27:38.941 [http-nio-8080-exec-8] INFO  [com.uca.idhuca.sistema.indicadores.security.RequestFilter:doFilterInternal:44] - Status: 200
2025-07-20 23:27:38.942 [http-nio-8080-exec-8] INFO  [com.uca.idhuca.sistema.indicadores.security.RequestFilter:doFilterInternal:50] - Body de la respuesta: {"codigo":0,"mensaje":"¡Éxito!","entity":{"jwt":"eyJhbGciOiJIUzUxMiJ9.eyJzdWIiOiIwMDM2NjUxOUB1Y2EuZWR1LnN2IiwiaWF0IjoxNzUzMDc1NjU4LCJleHAiOjMxMjc5MzA3NTY1OH0.d_NvaLQz9NB7BxPjRSjEkjEh8JDBYuPPljsB9mmnNO4-wkNNw6AYGYT4snyCrC9pXccTa4j2tgF3E_B5eYLEZg"},"paginacionInfo":null}
2025-07-20 23:27:38.943 [http-nio-8080-exec-8] INFO  [com.uca.idhuca.sistema.indicadores.security.RequestFilter:doFilterInternal:56] - ===========================================================================
2025-07-20 23:27:38.984 [http-nio-8080-exec-1] INFO  [com.uca.idhuca.sistema.indicadores.security.RequestFilter:doFilterInternal:33] - ===========================================================================
2025-07-20 23:27:38.984 [http-nio-8080-exec-1] INFO  [com.uca.idhuca.sistema.indicadores.security.RequestFilter:doFilterInternal:34] - =========================== [Petición Entrante] ==========================
2025-07-20 23:27:38.985 [http-nio-8080-exec-1] INFO  [com.uca.idhuca.sistema.indicadores.security.RequestFilter:doFilterInternal:35] - Método: POST
2025-07-20 23:27:38.986 [http-nio-8080-exec-1] INFO  [com.uca.idhuca.sistema.indicadores.security.RequestFilter:doFilterInternal:36] - Endpoint: /idhuca-indicadores/api/srv/users/get/current
2025-07-20 23:27:38.986 [http-nio-8080-exec-1] INFO  [com.uca.idhuca.sistema.indicadores.security.RequestFilter:doFilterInternal:37] - IP: 0:0:0:0:0:0:0:1
2025-07-20 23:27:38.987 [http-nio-8080-exec-1] INFO  [com.uca.idhuca.sistema.indicadores.security.RequestFilter:doFilterInternal:38] - User-Agent: Mozilla/5.0 (Windows NT 10.0; Win64; x64) AppleWebKit/537.36 (KHTML, like Gecko) Chrome/138.0.0.0 Safari/537.36 Edg/138.0.0.0
2025-07-20 23:27:38.987 [http-nio-8080-exec-1] INFO  [com.uca.idhuca.sistema.indicadores.security.RequestFilter:doFilterInternal:39] - JWT: Bearer eyJhbGciOiJIUzUxMiJ9.eyJzdWIiOiIwMDM2NjUxOUB1Y2EuZWR1LnN2IiwiaWF0IjoxNzUzMDc1NjU4LCJleHAiOjMxMjc5MzA3NTY1OH0.d_NvaLQz9NB7BxPjRSjEkjEh8JDBYuPPljsB9mmnNO4-wkNNw6AYGYT4snyCrC9pXccTa4j2tgF3E_B5eYLEZg
2025-07-20 23:27:38.993 [http-nio-8080-exec-2] INFO  [com.uca.idhuca.sistema.indicadores.security.RequestFilter:doFilterInternal:33] - ===========================================================================
2025-07-20 23:27:38.995 [http-nio-8080-exec-2] INFO  [com.uca.idhuca.sistema.indicadores.security.RequestFilter:doFilterInternal:34] - =========================== [Petición Entrante] ==========================
2025-07-20 23:27:38.997 [http-nio-8080-exec-2] INFO  [com.uca.idhuca.sistema.indicadores.security.RequestFilter:doFilterInternal:35] - Método: POST
2025-07-20 23:27:38.997 [http-nio-8080-exec-2] INFO  [com.uca.idhuca.sistema.indicadores.security.RequestFilter:doFilterInternal:36] - Endpoint: /idhuca-indicadores/api/srv/parametros/sistema/getOne
2025-07-20 23:27:38.997 [http-nio-8080-exec-2] INFO  [com.uca.idhuca.sistema.indicadores.security.RequestFilter:doFilterInternal:37] - IP: 0:0:0:0:0:0:0:1
2025-07-20 23:27:38.999 [http-nio-8080-exec-2] INFO  [com.uca.idhuca.sistema.indicadores.security.RequestFilter:doFilterInternal:38] - User-Agent: Mozilla/5.0 (Windows NT 10.0; Win64; x64) AppleWebKit/537.36 (KHTML, like Gecko) Chrome/138.0.0.0 Safari/537.36 Edg/138.0.0.0
2025-07-20 23:27:39.001 [http-nio-8080-exec-2] INFO  [com.uca.idhuca.sistema.indicadores.security.RequestFilter:doFilterInternal:39] - JWT: Bearer eyJhbGciOiJIUzUxMiJ9.eyJzdWIiOiIwMDM2NjUxOUB1Y2EuZWR1LnN2IiwiaWF0IjoxNzUzMDc1NjU4LCJleHAiOjMxMjc5MzA3NTY1OH0.d_NvaLQz9NB7BxPjRSjEkjEh8JDBYuPPljsB9mmnNO4-wkNNw6AYGYT4snyCrC9pXccTa4j2tgF3E_B5eYLEZg
2025-07-20 23:27:39.007 [http-nio-8080-exec-1] INFO  [com.uca.idhuca.sistema.indicadores.controllers.CtrlUsers:getCurrent:52] - [00366519@uca.edu.sv] ------ Inicio de servicio '/get/current/'
2025-07-20 23:27:39.008 [http-nio-8080-exec-1] INFO  [com.uca.idhuca.sistema.indicadores.controllers.CtrlUsers:getCurrent:60] - [00366519@uca.edu.sv] ------ Fin de servicio '/get/current/'
2025-07-20 23:27:39.010 [http-nio-8080-exec-1] INFO  [com.uca.idhuca.sistema.indicadores.security.RequestFilter:doFilterInternal:43] - ============================== [Respuesta] ===============================
2025-07-20 23:27:39.011 [http-nio-8080-exec-1] INFO  [com.uca.idhuca.sistema.indicadores.security.RequestFilter:doFilterInternal:44] - Status: 200
2025-07-20 23:27:39.012 [http-nio-8080-exec-1] INFO  [com.uca.idhuca.sistema.indicadores.security.RequestFilter:doFilterInternal:50] - Body de la respuesta: {"codigo":0,"mensaje":"Data obtenida correctamente","entity":{"id":1,"nombre":"Andrea Amaya","email":"00366519@uca.edu.sv","rol":{"codigo":"ROL_1","descripcion":"admin"},"activo":false,"creadoEn":"2025-06-14 19:47:22","esPasswordProvisional":false},"paginacionInfo":null}
2025-07-20 23:27:39.012 [http-nio-8080-exec-2] INFO  [com.uca.idhuca.sistema.indicadores.controllers.CtrlParametrosSistema:getOne:72] - [00366519@uca.edu.sv] ------ Inicio de servicio '/getOne' con clave: max_tiempo_inactividad
2025-07-20 23:27:39.012 [http-nio-8080-exec-1] INFO  [com.uca.idhuca.sistema.indicadores.security.RequestFilter:doFilterInternal:56] - ===========================================================================
2025-07-20 23:27:39.013 [http-nio-8080-exec-2] INFO  [com.uca.idhuca.sistema.indicadores.services.impl.ParametrosSistemaImpl:getOne:102] - [SYSTEM] Request válido
2025-07-20 23:27:39.019 [http-nio-8080-exec-2] INFO  [com.uca.idhuca.sistema.indicadores.controllers.CtrlParametrosSistema:getOne:90] - [00366519@uca.edu.sv] ------ Fin de servicio '/getOne'
2025-07-20 23:27:39.021 [http-nio-8080-exec-2] INFO  [com.uca.idhuca.sistema.indicadores.security.RequestFilter:doFilterInternal:43] - ============================== [Respuesta] ===============================
2025-07-20 23:27:39.022 [http-nio-8080-exec-2] INFO  [com.uca.idhuca.sistema.indicadores.security.RequestFilter:doFilterInternal:44] - Status: 400
2025-07-20 23:27:39.024 [http-nio-8080-exec-2] INFO  [com.uca.idhuca.sistema.indicadores.security.RequestFilter:doFilterInternal:50] - Body de la respuesta: {"codigo":-1,"mensaje":"Parámetro con clave max_tiempo_inactividad no encontrado","entity":null,"paginacionInfo":null}
2025-07-20 23:27:39.024 [http-nio-8080-exec-2] INFO  [com.uca.idhuca.sistema.indicadores.security.RequestFilter:doFilterInternal:56] - ===========================================================================
2025-07-20 23:27:39.044 [http-nio-8080-exec-4] INFO  [com.uca.idhuca.sistema.indicadores.security.RequestFilter:doFilterInternal:33] - ===========================================================================
2025-07-20 23:27:39.045 [http-nio-8080-exec-4] INFO  [com.uca.idhuca.sistema.indicadores.security.RequestFilter:doFilterInternal:34] - =========================== [Petición Entrante] ==========================
2025-07-20 23:27:39.045 [http-nio-8080-exec-4] INFO  [com.uca.idhuca.sistema.indicadores.security.RequestFilter:doFilterInternal:35] - Método: POST
2025-07-20 23:27:39.046 [http-nio-8080-exec-4] INFO  [com.uca.idhuca.sistema.indicadores.security.RequestFilter:doFilterInternal:36] - Endpoint: /idhuca-indicadores/api/srv/users/get/current
2025-07-20 23:27:39.046 [http-nio-8080-exec-4] INFO  [com.uca.idhuca.sistema.indicadores.security.RequestFilter:doFilterInternal:37] - IP: 0:0:0:0:0:0:0:1
2025-07-20 23:27:39.046 [http-nio-8080-exec-4] INFO  [com.uca.idhuca.sistema.indicadores.security.RequestFilter:doFilterInternal:38] - User-Agent: Mozilla/5.0 (Windows NT 10.0; Win64; x64) AppleWebKit/537.36 (KHTML, like Gecko) Chrome/138.0.0.0 Safari/537.36 Edg/138.0.0.0
2025-07-20 23:27:39.047 [http-nio-8080-exec-4] INFO  [com.uca.idhuca.sistema.indicadores.security.RequestFilter:doFilterInternal:39] - JWT: Bearer eyJhbGciOiJIUzUxMiJ9.eyJzdWIiOiIwMDM2NjUxOUB1Y2EuZWR1LnN2IiwiaWF0IjoxNzUzMDc1NjU4LCJleHAiOjMxMjc5MzA3NTY1OH0.d_NvaLQz9NB7BxPjRSjEkjEh8JDBYuPPljsB9mmnNO4-wkNNw6AYGYT4snyCrC9pXccTa4j2tgF3E_B5eYLEZg
2025-07-20 23:27:39.056 [http-nio-8080-exec-4] INFO  [com.uca.idhuca.sistema.indicadores.controllers.CtrlUsers:getCurrent:52] - [00366519@uca.edu.sv] ------ Inicio de servicio '/get/current/'
2025-07-20 23:27:39.058 [http-nio-8080-exec-4] INFO  [com.uca.idhuca.sistema.indicadores.controllers.CtrlUsers:getCurrent:60] - [00366519@uca.edu.sv] ------ Fin de servicio '/get/current/'
2025-07-20 23:27:39.061 [http-nio-8080-exec-4] INFO  [com.uca.idhuca.sistema.indicadores.security.RequestFilter:doFilterInternal:43] - ============================== [Respuesta] ===============================
2025-07-20 23:27:39.061 [http-nio-8080-exec-4] INFO  [com.uca.idhuca.sistema.indicadores.security.RequestFilter:doFilterInternal:44] - Status: 200
2025-07-20 23:27:39.062 [http-nio-8080-exec-4] INFO  [com.uca.idhuca.sistema.indicadores.security.RequestFilter:doFilterInternal:50] - Body de la respuesta: {"codigo":0,"mensaje":"Data obtenida correctamente","entity":{"id":1,"nombre":"Andrea Amaya","email":"00366519@uca.edu.sv","rol":{"codigo":"ROL_1","descripcion":"admin"},"activo":false,"creadoEn":"2025-06-14 19:47:22","esPasswordProvisional":false},"paginacionInfo":null}
2025-07-20 23:27:39.062 [http-nio-8080-exec-4] INFO  [com.uca.idhuca.sistema.indicadores.security.RequestFilter:doFilterInternal:56] - ===========================================================================
2025-07-20 23:28:44.494 [http-nio-8080-exec-6] INFO  [com.uca.idhuca.sistema.indicadores.security.RequestFilter:doFilterInternal:33] - ===========================================================================
2025-07-20 23:28:44.495 [http-nio-8080-exec-6] INFO  [com.uca.idhuca.sistema.indicadores.security.RequestFilter:doFilterInternal:34] - =========================== [Petición Entrante] ==========================
2025-07-20 23:28:44.496 [http-nio-8080-exec-6] INFO  [com.uca.idhuca.sistema.indicadores.security.RequestFilter:doFilterInternal:35] - Método: POST
2025-07-20 23:28:44.496 [http-nio-8080-exec-6] INFO  [com.uca.idhuca.sistema.indicadores.security.RequestFilter:doFilterInternal:36] - Endpoint: /idhuca-indicadores/api/srv/auth/login
2025-07-20 23:28:44.497 [http-nio-8080-exec-6] INFO  [com.uca.idhuca.sistema.indicadores.security.RequestFilter:doFilterInternal:37] - IP: 0:0:0:0:0:0:0:1
2025-07-20 23:28:44.498 [http-nio-8080-exec-6] INFO  [com.uca.idhuca.sistema.indicadores.security.RequestFilter:doFilterInternal:38] - User-Agent: Mozilla/5.0 (Windows NT 10.0; Win64; x64) AppleWebKit/537.36 (KHTML, like Gecko) Chrome/138.0.0.0 Safari/537.36 Edg/138.0.0.0
2025-07-20 23:28:44.499 [http-nio-8080-exec-6] INFO  [com.uca.idhuca.sistema.indicadores.security.RequestFilter:doFilterInternal:39] - JWT: No JWT
2025-07-20 23:28:44.501 [http-nio-8080-exec-6] INFO  [com.uca.idhuca.sistema.indicadores.controllers.CtrlAuth:login:48] - [00139419@uca.edu.sv] ------ Inicio de servicio 'test/testConnection' {"email":"00139419@uca.edu.sv","password":"123"}
2025-07-20 23:28:44.502 [http-nio-8080-exec-6] INFO  [com.uca.idhuca.sistema.indicadores.services.impl.AuthImpl:login:47] - [00139419@uca.edu.sv] Request válido
2025-07-20 23:28:44.513 [http-nio-8080-exec-6] INFO  [com.uca.idhuca.sistema.indicadores.services.impl.AuthImpl:login:53] - [00139419@uca.edu.sv] Usuario encontrado correctamente: Usuario(id=2, nombre=Daniel Morales, email=00139419@uca.edu.sv, contrasenaHash=$2a$10$K7HufdmPI16g56n8O2hQtuk4mQ1RoXmx3uWB7AQO0FsIrjloRtTWG, rol=Catalogo(codigo=ROL_1, descripcion=admin), activo=true, creadoEn=2025-06-14 19:51:01.174089, esPasswordProvisional=false)
2025-07-20 23:28:44.659 [http-nio-8080-exec-6] INFO  [com.uca.idhuca.sistema.indicadores.services.impl.AuthImpl:login:56] - [00139419@uca.edu.sv] Autenticación correcta.
2025-07-20 23:28:44.660 [http-nio-8080-exec-6] INFO  [com.uca.idhuca.sistema.indicadores.services.impl.ParametrosSistemaImpl:getOne:102] - [SYSTEM] Request válido
2025-07-20 23:28:44.712 [http-nio-8080-exec-6] INFO  [com.uca.idhuca.sistema.indicadores.services.impl.AuthImpl:login:59] - [00139419@uca.edu.sv] JWT generado: eyJhbGciOiJIUzUxMiJ9.eyJzdWIiOiIwMDEzOTQxOUB1Y2EuZWR1LnN2IiwiaWF0IjoxNzUzMDc1NzI0LCJleHAiOjMxMjc5MzA3NTcyNH0.n3ZoAzD-DTrCPGgq6ZuNiQmBJ2g3bY7nrWBKgyUe5Z-fRtVmm0hZo-Kx1FFbNyjeP_dESPL4q9blheqC64y98w
2025-07-20 23:28:44.713 [http-nio-8080-exec-6] INFO  [com.uca.idhuca.sistema.indicadores.controllers.CtrlAuth:login:59] - [00139419@uca.edu.sv] ------ Fin de servicio 'test/testConnection'
2025-07-20 23:28:44.714 [http-nio-8080-exec-6] INFO  [com.uca.idhuca.sistema.indicadores.security.RequestFilter:doFilterInternal:43] - ============================== [Respuesta] ===============================
2025-07-20 23:28:44.715 [http-nio-8080-exec-6] INFO  [com.uca.idhuca.sistema.indicadores.security.RequestFilter:doFilterInternal:44] - Status: 200
2025-07-20 23:28:44.716 [http-nio-8080-exec-6] INFO  [com.uca.idhuca.sistema.indicadores.security.RequestFilter:doFilterInternal:50] - Body de la respuesta: {"codigo":0,"mensaje":"¡Éxito!","entity":{"jwt":"eyJhbGciOiJIUzUxMiJ9.eyJzdWIiOiIwMDEzOTQxOUB1Y2EuZWR1LnN2IiwiaWF0IjoxNzUzMDc1NzI0LCJleHAiOjMxMjc5MzA3NTcyNH0.n3ZoAzD-DTrCPGgq6ZuNiQmBJ2g3bY7nrWBKgyUe5Z-fRtVmm0hZo-Kx1FFbNyjeP_dESPL4q9blheqC64y98w"},"paginacionInfo":null}
2025-07-20 23:28:44.716 [http-nio-8080-exec-6] INFO  [com.uca.idhuca.sistema.indicadores.security.RequestFilter:doFilterInternal:56] - ===========================================================================
2025-07-20 23:28:44.761 [http-nio-8080-exec-9] INFO  [com.uca.idhuca.sistema.indicadores.security.RequestFilter:doFilterInternal:33] - ===========================================================================
2025-07-20 23:28:44.762 [http-nio-8080-exec-9] INFO  [com.uca.idhuca.sistema.indicadores.security.RequestFilter:doFilterInternal:34] - =========================== [Petición Entrante] ==========================
2025-07-20 23:28:44.763 [http-nio-8080-exec-9] INFO  [com.uca.idhuca.sistema.indicadores.security.RequestFilter:doFilterInternal:35] - Método: POST
2025-07-20 23:28:44.764 [http-nio-8080-exec-9] INFO  [com.uca.idhuca.sistema.indicadores.security.RequestFilter:doFilterInternal:36] - Endpoint: /idhuca-indicadores/api/srv/users/get/current
2025-07-20 23:28:44.764 [http-nio-8080-exec-9] INFO  [com.uca.idhuca.sistema.indicadores.security.RequestFilter:doFilterInternal:37] - IP: 0:0:0:0:0:0:0:1
2025-07-20 23:28:44.765 [http-nio-8080-exec-9] INFO  [com.uca.idhuca.sistema.indicadores.security.RequestFilter:doFilterInternal:38] - User-Agent: Mozilla/5.0 (Windows NT 10.0; Win64; x64) AppleWebKit/537.36 (KHTML, like Gecko) Chrome/138.0.0.0 Safari/537.36 Edg/138.0.0.0
2025-07-20 23:28:44.765 [http-nio-8080-exec-9] INFO  [com.uca.idhuca.sistema.indicadores.security.RequestFilter:doFilterInternal:39] - JWT: Bearer eyJhbGciOiJIUzUxMiJ9.eyJzdWIiOiIwMDEzOTQxOUB1Y2EuZWR1LnN2IiwiaWF0IjoxNzUzMDc1NzI0LCJleHAiOjMxMjc5MzA3NTcyNH0.n3ZoAzD-DTrCPGgq6ZuNiQmBJ2g3bY7nrWBKgyUe5Z-fRtVmm0hZo-Kx1FFbNyjeP_dESPL4q9blheqC64y98w
2025-07-20 23:28:44.766 [http-nio-8080-exec-10] INFO  [com.uca.idhuca.sistema.indicadores.security.RequestFilter:doFilterInternal:33] - ===========================================================================
2025-07-20 23:28:44.767 [http-nio-8080-exec-10] INFO  [com.uca.idhuca.sistema.indicadores.security.RequestFilter:doFilterInternal:34] - =========================== [Petición Entrante] ==========================
2025-07-20 23:28:44.767 [http-nio-8080-exec-10] INFO  [com.uca.idhuca.sistema.indicadores.security.RequestFilter:doFilterInternal:35] - Método: POST
2025-07-20 23:28:44.769 [http-nio-8080-exec-10] INFO  [com.uca.idhuca.sistema.indicadores.security.RequestFilter:doFilterInternal:36] - Endpoint: /idhuca-indicadores/api/srv/parametros/sistema/getOne
2025-07-20 23:28:44.770 [http-nio-8080-exec-10] INFO  [com.uca.idhuca.sistema.indicadores.security.RequestFilter:doFilterInternal:37] - IP: 0:0:0:0:0:0:0:1
2025-07-20 23:28:44.771 [http-nio-8080-exec-10] INFO  [com.uca.idhuca.sistema.indicadores.security.RequestFilter:doFilterInternal:38] - User-Agent: Mozilla/5.0 (Windows NT 10.0; Win64; x64) AppleWebKit/537.36 (KHTML, like Gecko) Chrome/138.0.0.0 Safari/537.36 Edg/138.0.0.0
2025-07-20 23:28:44.772 [http-nio-8080-exec-10] INFO  [com.uca.idhuca.sistema.indicadores.security.RequestFilter:doFilterInternal:39] - JWT: Bearer eyJhbGciOiJIUzUxMiJ9.eyJzdWIiOiIwMDEzOTQxOUB1Y2EuZWR1LnN2IiwiaWF0IjoxNzUzMDc1NzI0LCJleHAiOjMxMjc5MzA3NTcyNH0.n3ZoAzD-DTrCPGgq6ZuNiQmBJ2g3bY7nrWBKgyUe5Z-fRtVmm0hZo-Kx1FFbNyjeP_dESPL4q9blheqC64y98w
2025-07-20 23:28:44.776 [http-nio-8080-exec-9] INFO  [com.uca.idhuca.sistema.indicadores.controllers.CtrlUsers:getCurrent:52] - [00139419@uca.edu.sv] ------ Inicio de servicio '/get/current/'
2025-07-20 23:28:44.778 [http-nio-8080-exec-9] INFO  [com.uca.idhuca.sistema.indicadores.controllers.CtrlUsers:getCurrent:60] - [00139419@uca.edu.sv] ------ Fin de servicio '/get/current/'
2025-07-20 23:28:44.781 [http-nio-8080-exec-9] INFO  [com.uca.idhuca.sistema.indicadores.security.RequestFilter:doFilterInternal:43] - ============================== [Respuesta] ===============================
2025-07-20 23:28:44.781 [http-nio-8080-exec-9] INFO  [com.uca.idhuca.sistema.indicadores.security.RequestFilter:doFilterInternal:44] - Status: 200
2025-07-20 23:28:44.782 [http-nio-8080-exec-9] INFO  [com.uca.idhuca.sistema.indicadores.security.RequestFilter:doFilterInternal:50] - Body de la respuesta: {"codigo":0,"mensaje":"Data obtenida correctamente","entity":{"id":2,"nombre":"Daniel Morales","email":"00139419@uca.edu.sv","rol":{"codigo":"ROL_1","descripcion":"admin"},"activo":true,"creadoEn":"2025-06-14 19:51:01","esPasswordProvisional":false},"paginacionInfo":null}
2025-07-20 23:28:44.783 [http-nio-8080-exec-9] INFO  [com.uca.idhuca.sistema.indicadores.security.RequestFilter:doFilterInternal:56] - ===========================================================================
2025-07-20 23:28:44.784 [http-nio-8080-exec-10] INFO  [com.uca.idhuca.sistema.indicadores.controllers.CtrlParametrosSistema:getOne:72] - [00139419@uca.edu.sv] ------ Inicio de servicio '/getOne' con clave: max_tiempo_inactividad
2025-07-20 23:28:44.785 [http-nio-8080-exec-10] INFO  [com.uca.idhuca.sistema.indicadores.services.impl.ParametrosSistemaImpl:getOne:102] - [SYSTEM] Request válido
2025-07-20 23:28:44.797 [http-nio-8080-exec-10] INFO  [com.uca.idhuca.sistema.indicadores.controllers.CtrlParametrosSistema:getOne:90] - [00139419@uca.edu.sv] ------ Fin de servicio '/getOne'
2025-07-20 23:28:44.799 [http-nio-8080-exec-10] INFO  [com.uca.idhuca.sistema.indicadores.security.RequestFilter:doFilterInternal:43] - ============================== [Respuesta] ===============================
2025-07-20 23:28:44.800 [http-nio-8080-exec-10] INFO  [com.uca.idhuca.sistema.indicadores.security.RequestFilter:doFilterInternal:44] - Status: 400
2025-07-20 23:28:44.800 [http-nio-8080-exec-10] INFO  [com.uca.idhuca.sistema.indicadores.security.RequestFilter:doFilterInternal:50] - Body de la respuesta: {"codigo":-1,"mensaje":"Parámetro con clave max_tiempo_inactividad no encontrado","entity":null,"paginacionInfo":null}
2025-07-20 23:28:44.801 [http-nio-8080-exec-10] INFO  [com.uca.idhuca.sistema.indicadores.security.RequestFilter:doFilterInternal:56] - ===========================================================================
2025-07-20 23:28:44.854 [http-nio-8080-exec-1] INFO  [com.uca.idhuca.sistema.indicadores.security.RequestFilter:doFilterInternal:33] - ===========================================================================
2025-07-20 23:28:44.855 [http-nio-8080-exec-1] INFO  [com.uca.idhuca.sistema.indicadores.security.RequestFilter:doFilterInternal:34] - =========================== [Petición Entrante] ==========================
2025-07-20 23:28:44.855 [http-nio-8080-exec-1] INFO  [com.uca.idhuca.sistema.indicadores.security.RequestFilter:doFilterInternal:35] - Método: POST
2025-07-20 23:28:44.856 [http-nio-8080-exec-1] INFO  [com.uca.idhuca.sistema.indicadores.security.RequestFilter:doFilterInternal:36] - Endpoint: /idhuca-indicadores/api/srv/users/get/current
2025-07-20 23:28:44.857 [http-nio-8080-exec-1] INFO  [com.uca.idhuca.sistema.indicadores.security.RequestFilter:doFilterInternal:37] - IP: 0:0:0:0:0:0:0:1
2025-07-20 23:28:44.859 [http-nio-8080-exec-1] INFO  [com.uca.idhuca.sistema.indicadores.security.RequestFilter:doFilterInternal:38] - User-Agent: Mozilla/5.0 (Windows NT 10.0; Win64; x64) AppleWebKit/537.36 (KHTML, like Gecko) Chrome/138.0.0.0 Safari/537.36 Edg/138.0.0.0
2025-07-20 23:28:44.860 [http-nio-8080-exec-1] INFO  [com.uca.idhuca.sistema.indicadores.security.RequestFilter:doFilterInternal:39] - JWT: Bearer eyJhbGciOiJIUzUxMiJ9.eyJzdWIiOiIwMDEzOTQxOUB1Y2EuZWR1LnN2IiwiaWF0IjoxNzUzMDc1NzI0LCJleHAiOjMxMjc5MzA3NTcyNH0.n3ZoAzD-DTrCPGgq6ZuNiQmBJ2g3bY7nrWBKgyUe5Z-fRtVmm0hZo-Kx1FFbNyjeP_dESPL4q9blheqC64y98w
2025-07-20 23:28:44.869 [http-nio-8080-exec-1] INFO  [com.uca.idhuca.sistema.indicadores.controllers.CtrlUsers:getCurrent:52] - [00139419@uca.edu.sv] ------ Inicio de servicio '/get/current/'
2025-07-20 23:28:44.870 [http-nio-8080-exec-1] INFO  [com.uca.idhuca.sistema.indicadores.controllers.CtrlUsers:getCurrent:60] - [00139419@uca.edu.sv] ------ Fin de servicio '/get/current/'
2025-07-20 23:28:44.873 [http-nio-8080-exec-1] INFO  [com.uca.idhuca.sistema.indicadores.security.RequestFilter:doFilterInternal:43] - ============================== [Respuesta] ===============================
2025-07-20 23:28:44.874 [http-nio-8080-exec-1] INFO  [com.uca.idhuca.sistema.indicadores.security.RequestFilter:doFilterInternal:44] - Status: 200
2025-07-20 23:28:44.875 [http-nio-8080-exec-1] INFO  [com.uca.idhuca.sistema.indicadores.security.RequestFilter:doFilterInternal:50] - Body de la respuesta: {"codigo":0,"mensaje":"Data obtenida correctamente","entity":{"id":2,"nombre":"Daniel Morales","email":"00139419@uca.edu.sv","rol":{"codigo":"ROL_1","descripcion":"admin"},"activo":true,"creadoEn":"2025-06-14 19:51:01","esPasswordProvisional":false},"paginacionInfo":null}
2025-07-20 23:28:44.875 [http-nio-8080-exec-1] INFO  [com.uca.idhuca.sistema.indicadores.security.RequestFilter:doFilterInternal:56] - ===========================================================================
2025-07-20 23:30:32.712 [http-nio-8080-exec-3] INFO  [com.uca.idhuca.sistema.indicadores.security.RequestFilter:doFilterInternal:33] - ===========================================================================
2025-07-20 23:30:32.714 [http-nio-8080-exec-3] INFO  [com.uca.idhuca.sistema.indicadores.security.RequestFilter:doFilterInternal:34] - =========================== [Petición Entrante] ==========================
2025-07-20 23:30:32.715 [http-nio-8080-exec-3] INFO  [com.uca.idhuca.sistema.indicadores.security.RequestFilter:doFilterInternal:35] - Método: POST
2025-07-20 23:30:32.715 [http-nio-8080-exec-3] INFO  [com.uca.idhuca.sistema.indicadores.security.RequestFilter:doFilterInternal:36] - Endpoint: /idhuca-indicadores/api/srv/auth/login
2025-07-20 23:30:32.716 [http-nio-8080-exec-3] INFO  [com.uca.idhuca.sistema.indicadores.security.RequestFilter:doFilterInternal:37] - IP: 0:0:0:0:0:0:0:1
2025-07-20 23:30:32.716 [http-nio-8080-exec-3] INFO  [com.uca.idhuca.sistema.indicadores.security.RequestFilter:doFilterInternal:38] - User-Agent: Mozilla/5.0 (Windows NT 10.0; Win64; x64) AppleWebKit/537.36 (KHTML, like Gecko) Chrome/138.0.0.0 Safari/537.36 Edg/138.0.0.0
2025-07-20 23:30:32.717 [http-nio-8080-exec-3] INFO  [com.uca.idhuca.sistema.indicadores.security.RequestFilter:doFilterInternal:39] - JWT: No JWT
2025-07-20 23:30:32.719 [http-nio-8080-exec-3] INFO  [com.uca.idhuca.sistema.indicadores.controllers.CtrlAuth:login:48] - [00139419@uca.edu.sv] ------ Inicio de servicio 'test/testConnection' {"email":"00139419@uca.edu.sv","password":"123"}
2025-07-20 23:30:32.720 [http-nio-8080-exec-3] INFO  [com.uca.idhuca.sistema.indicadores.services.impl.AuthImpl:login:47] - [00139419@uca.edu.sv] Request válido
2025-07-20 23:30:32.736 [http-nio-8080-exec-3] INFO  [com.uca.idhuca.sistema.indicadores.services.impl.AuthImpl:login:53] - [00139419@uca.edu.sv] Usuario encontrado correctamente: Usuario(id=2, nombre=Daniel Morales, email=00139419@uca.edu.sv, contrasenaHash=$2a$10$K7HufdmPI16g56n8O2hQtuk4mQ1RoXmx3uWB7AQO0FsIrjloRtTWG, rol=Catalogo(codigo=ROL_1, descripcion=admin), activo=true, creadoEn=2025-06-14 19:51:01.174089, esPasswordProvisional=false)
2025-07-20 23:30:32.842 [http-nio-8080-exec-3] INFO  [com.uca.idhuca.sistema.indicadores.services.impl.AuthImpl:login:56] - [00139419@uca.edu.sv] Autenticación correcta.
2025-07-20 23:30:32.842 [http-nio-8080-exec-3] INFO  [com.uca.idhuca.sistema.indicadores.services.impl.ParametrosSistemaImpl:getOne:102] - [SYSTEM] Request válido
2025-07-20 23:30:32.881 [http-nio-8080-exec-3] INFO  [com.uca.idhuca.sistema.indicadores.services.impl.AuthImpl:login:59] - [00139419@uca.edu.sv] JWT generado: eyJhbGciOiJIUzUxMiJ9.eyJzdWIiOiIwMDEzOTQxOUB1Y2EuZWR1LnN2IiwiaWF0IjoxNzUzMDc1ODMyLCJleHAiOjMxMjc5MzA3NTgzMn0.munOYEksYpASgNXRmpB17yPrlVfvLL3vVUW4jbaOBIuv472sFWw0AgaeyU0lIwnynoLTqSELL7_2M6rPLo4uFA
2025-07-20 23:30:32.884 [http-nio-8080-exec-3] INFO  [com.uca.idhuca.sistema.indicadores.controllers.CtrlAuth:login:59] - [00139419@uca.edu.sv] ------ Fin de servicio 'test/testConnection'
2025-07-20 23:30:32.887 [http-nio-8080-exec-3] INFO  [com.uca.idhuca.sistema.indicadores.security.RequestFilter:doFilterInternal:43] - ============================== [Respuesta] ===============================
2025-07-20 23:30:32.888 [http-nio-8080-exec-3] INFO  [com.uca.idhuca.sistema.indicadores.security.RequestFilter:doFilterInternal:44] - Status: 200
2025-07-20 23:30:32.889 [http-nio-8080-exec-3] INFO  [com.uca.idhuca.sistema.indicadores.security.RequestFilter:doFilterInternal:50] - Body de la respuesta: {"codigo":0,"mensaje":"¡Éxito!","entity":{"jwt":"eyJhbGciOiJIUzUxMiJ9.eyJzdWIiOiIwMDEzOTQxOUB1Y2EuZWR1LnN2IiwiaWF0IjoxNzUzMDc1ODMyLCJleHAiOjMxMjc5MzA3NTgzMn0.munOYEksYpASgNXRmpB17yPrlVfvLL3vVUW4jbaOBIuv472sFWw0AgaeyU0lIwnynoLTqSELL7_2M6rPLo4uFA"},"paginacionInfo":null}
2025-07-20 23:30:32.890 [http-nio-8080-exec-3] INFO  [com.uca.idhuca.sistema.indicadores.security.RequestFilter:doFilterInternal:56] - ===========================================================================
2025-07-20 23:30:32.935 [http-nio-8080-exec-8] INFO  [com.uca.idhuca.sistema.indicadores.security.RequestFilter:doFilterInternal:33] - ===========================================================================
2025-07-20 23:30:32.937 [http-nio-8080-exec-8] INFO  [com.uca.idhuca.sistema.indicadores.security.RequestFilter:doFilterInternal:34] - =========================== [Petición Entrante] ==========================
2025-07-20 23:30:32.940 [http-nio-8080-exec-8] INFO  [com.uca.idhuca.sistema.indicadores.security.RequestFilter:doFilterInternal:35] - Método: POST
2025-07-20 23:30:32.942 [http-nio-8080-exec-7] INFO  [com.uca.idhuca.sistema.indicadores.security.RequestFilter:doFilterInternal:33] - ===========================================================================
2025-07-20 23:30:32.942 [http-nio-8080-exec-8] INFO  [com.uca.idhuca.sistema.indicadores.security.RequestFilter:doFilterInternal:36] - Endpoint: /idhuca-indicadores/api/srv/parametros/sistema/getOne
2025-07-20 23:30:32.945 [http-nio-8080-exec-7] INFO  [com.uca.idhuca.sistema.indicadores.security.RequestFilter:doFilterInternal:34] - =========================== [Petición Entrante] ==========================
2025-07-20 23:30:32.947 [http-nio-8080-exec-8] INFO  [com.uca.idhuca.sistema.indicadores.security.RequestFilter:doFilterInternal:37] - IP: 0:0:0:0:0:0:0:1
2025-07-20 23:30:32.948 [http-nio-8080-exec-8] INFO  [com.uca.idhuca.sistema.indicadores.security.RequestFilter:doFilterInternal:38] - User-Agent: Mozilla/5.0 (Windows NT 10.0; Win64; x64) AppleWebKit/537.36 (KHTML, like Gecko) Chrome/138.0.0.0 Safari/537.36 Edg/138.0.0.0
2025-07-20 23:30:32.948 [http-nio-8080-exec-7] INFO  [com.uca.idhuca.sistema.indicadores.security.RequestFilter:doFilterInternal:35] - Método: POST
2025-07-20 23:30:32.950 [http-nio-8080-exec-7] INFO  [com.uca.idhuca.sistema.indicadores.security.RequestFilter:doFilterInternal:36] - Endpoint: /idhuca-indicadores/api/srv/users/get/current
2025-07-20 23:30:32.951 [http-nio-8080-exec-7] INFO  [com.uca.idhuca.sistema.indicadores.security.RequestFilter:doFilterInternal:37] - IP: 0:0:0:0:0:0:0:1
2025-07-20 23:30:32.952 [http-nio-8080-exec-7] INFO  [com.uca.idhuca.sistema.indicadores.security.RequestFilter:doFilterInternal:38] - User-Agent: Mozilla/5.0 (Windows NT 10.0; Win64; x64) AppleWebKit/537.36 (KHTML, like Gecko) Chrome/138.0.0.0 Safari/537.36 Edg/138.0.0.0
2025-07-20 23:30:32.949 [http-nio-8080-exec-8] INFO  [com.uca.idhuca.sistema.indicadores.security.RequestFilter:doFilterInternal:39] - JWT: Bearer eyJhbGciOiJIUzUxMiJ9.eyJzdWIiOiIwMDEzOTQxOUB1Y2EuZWR1LnN2IiwiaWF0IjoxNzUzMDc1ODMyLCJleHAiOjMxMjc5MzA3NTgzMn0.munOYEksYpASgNXRmpB17yPrlVfvLL3vVUW4jbaOBIuv472sFWw0AgaeyU0lIwnynoLTqSELL7_2M6rPLo4uFA
2025-07-20 23:30:32.953 [http-nio-8080-exec-7] INFO  [com.uca.idhuca.sistema.indicadores.security.RequestFilter:doFilterInternal:39] - JWT: Bearer eyJhbGciOiJIUzUxMiJ9.eyJzdWIiOiIwMDEzOTQxOUB1Y2EuZWR1LnN2IiwiaWF0IjoxNzUzMDc1ODMyLCJleHAiOjMxMjc5MzA3NTgzMn0.munOYEksYpASgNXRmpB17yPrlVfvLL3vVUW4jbaOBIuv472sFWw0AgaeyU0lIwnynoLTqSELL7_2M6rPLo4uFA
2025-07-20 23:30:32.984 [http-nio-8080-exec-7] INFO  [com.uca.idhuca.sistema.indicadores.controllers.CtrlUsers:getCurrent:52] - [00139419@uca.edu.sv] ------ Inicio de servicio '/get/current/'
2025-07-20 23:30:32.985 [http-nio-8080-exec-7] INFO  [com.uca.idhuca.sistema.indicadores.controllers.CtrlUsers:getCurrent:60] - [00139419@uca.edu.sv] ------ Fin de servicio '/get/current/'
2025-07-20 23:30:32.987 [http-nio-8080-exec-8] INFO  [com.uca.idhuca.sistema.indicadores.controllers.CtrlParametrosSistema:getOne:72] - [00139419@uca.edu.sv] ------ Inicio de servicio '/getOne' con clave: max_tiempo_inactividad
2025-07-20 23:30:32.990 [http-nio-8080-exec-7] INFO  [com.uca.idhuca.sistema.indicadores.security.RequestFilter:doFilterInternal:43] - ============================== [Respuesta] ===============================
2025-07-20 23:30:32.996 [http-nio-8080-exec-7] INFO  [com.uca.idhuca.sistema.indicadores.security.RequestFilter:doFilterInternal:44] - Status: 200
2025-07-20 23:30:32.993 [http-nio-8080-exec-8] INFO  [com.uca.idhuca.sistema.indicadores.services.impl.ParametrosSistemaImpl:getOne:102] - [SYSTEM] Request válido
2025-07-20 23:30:32.998 [http-nio-8080-exec-7] INFO  [com.uca.idhuca.sistema.indicadores.security.RequestFilter:doFilterInternal:50] - Body de la respuesta: {"codigo":0,"mensaje":"Data obtenida correctamente","entity":{"id":2,"nombre":"Daniel Morales","email":"00139419@uca.edu.sv","rol":{"codigo":"ROL_1","descripcion":"admin"},"activo":true,"creadoEn":"2025-06-14 19:51:01","esPasswordProvisional":false},"paginacionInfo":null}
2025-07-20 23:30:33.000 [http-nio-8080-exec-7] INFO  [com.uca.idhuca.sistema.indicadores.security.RequestFilter:doFilterInternal:56] - ===========================================================================
2025-07-20 23:30:33.008 [http-nio-8080-exec-8] INFO  [com.uca.idhuca.sistema.indicadores.controllers.CtrlParametrosSistema:getOne:90] - [00139419@uca.edu.sv] ------ Fin de servicio '/getOne'
2025-07-20 23:30:33.015 [http-nio-8080-exec-8] INFO  [com.uca.idhuca.sistema.indicadores.security.RequestFilter:doFilterInternal:43] - ============================== [Respuesta] ===============================
2025-07-20 23:30:33.016 [http-nio-8080-exec-8] INFO  [com.uca.idhuca.sistema.indicadores.security.RequestFilter:doFilterInternal:44] - Status: 400
2025-07-20 23:30:33.017 [http-nio-8080-exec-8] INFO  [com.uca.idhuca.sistema.indicadores.security.RequestFilter:doFilterInternal:50] - Body de la respuesta: {"codigo":-1,"mensaje":"Parámetro con clave max_tiempo_inactividad no encontrado","entity":null,"paginacionInfo":null}
2025-07-20 23:30:33.018 [http-nio-8080-exec-8] INFO  [com.uca.idhuca.sistema.indicadores.security.RequestFilter:doFilterInternal:56] - ===========================================================================
2025-07-20 23:30:33.054 [http-nio-8080-exec-9] INFO  [com.uca.idhuca.sistema.indicadores.security.RequestFilter:doFilterInternal:33] - ===========================================================================
2025-07-20 23:30:33.055 [http-nio-8080-exec-9] INFO  [com.uca.idhuca.sistema.indicadores.security.RequestFilter:doFilterInternal:34] - =========================== [Petición Entrante] ==========================
2025-07-20 23:30:33.057 [http-nio-8080-exec-9] INFO  [com.uca.idhuca.sistema.indicadores.security.RequestFilter:doFilterInternal:35] - Método: POST
2025-07-20 23:30:33.059 [http-nio-8080-exec-9] INFO  [com.uca.idhuca.sistema.indicadores.security.RequestFilter:doFilterInternal:36] - Endpoint: /idhuca-indicadores/api/srv/users/get/current
2025-07-20 23:30:33.061 [http-nio-8080-exec-9] INFO  [com.uca.idhuca.sistema.indicadores.security.RequestFilter:doFilterInternal:37] - IP: 0:0:0:0:0:0:0:1
2025-07-20 23:30:33.061 [http-nio-8080-exec-9] INFO  [com.uca.idhuca.sistema.indicadores.security.RequestFilter:doFilterInternal:38] - User-Agent: Mozilla/5.0 (Windows NT 10.0; Win64; x64) AppleWebKit/537.36 (KHTML, like Gecko) Chrome/138.0.0.0 Safari/537.36 Edg/138.0.0.0
2025-07-20 23:30:33.063 [http-nio-8080-exec-9] INFO  [com.uca.idhuca.sistema.indicadores.security.RequestFilter:doFilterInternal:39] - JWT: Bearer eyJhbGciOiJIUzUxMiJ9.eyJzdWIiOiIwMDEzOTQxOUB1Y2EuZWR1LnN2IiwiaWF0IjoxNzUzMDc1ODMyLCJleHAiOjMxMjc5MzA3NTgzMn0.munOYEksYpASgNXRmpB17yPrlVfvLL3vVUW4jbaOBIuv472sFWw0AgaeyU0lIwnynoLTqSELL7_2M6rPLo4uFA
2025-07-20 23:30:33.072 [http-nio-8080-exec-9] INFO  [com.uca.idhuca.sistema.indicadores.controllers.CtrlUsers:getCurrent:52] - [00139419@uca.edu.sv] ------ Inicio de servicio '/get/current/'
2025-07-20 23:30:33.072 [http-nio-8080-exec-9] INFO  [com.uca.idhuca.sistema.indicadores.controllers.CtrlUsers:getCurrent:60] - [00139419@uca.edu.sv] ------ Fin de servicio '/get/current/'
2025-07-20 23:30:33.078 [http-nio-8080-exec-9] INFO  [com.uca.idhuca.sistema.indicadores.security.RequestFilter:doFilterInternal:43] - ============================== [Respuesta] ===============================
2025-07-20 23:30:33.080 [http-nio-8080-exec-9] INFO  [com.uca.idhuca.sistema.indicadores.security.RequestFilter:doFilterInternal:44] - Status: 200
2025-07-20 23:30:33.080 [http-nio-8080-exec-9] INFO  [com.uca.idhuca.sistema.indicadores.security.RequestFilter:doFilterInternal:50] - Body de la respuesta: {"codigo":0,"mensaje":"Data obtenida correctamente","entity":{"id":2,"nombre":"Daniel Morales","email":"00139419@uca.edu.sv","rol":{"codigo":"ROL_1","descripcion":"admin"},"activo":true,"creadoEn":"2025-06-14 19:51:01","esPasswordProvisional":false},"paginacionInfo":null}
2025-07-20 23:30:33.081 [http-nio-8080-exec-9] INFO  [com.uca.idhuca.sistema.indicadores.security.RequestFilter:doFilterInternal:56] - ===========================================================================
